<?xml version="1.0" encoding="UTF-8"?>
<testsuite name="guild.kotlin.micronaut.SingletonTest" tests="1" skipped="0" failures="1" errors="0" timestamp="2020-06-17T14:12:53" hostname="illiakovalov-MacBook-Pro-HTD7.local" time="2.066">
  <properties/>
  <testcase name="requestScope2Test()" classname="guild.kotlin.micronaut.SingletonTest" time="2.066">
    <failure message="io.micronaut.http.client.exceptions.HttpClientResponseException: Internal Server Error: No bean of type [guild.kotlin.micronaut.beans.RequestScopeBean] exists for the given qualifier: @RequestScope. Make sure the bean is not disabled by bean requirements (enable trace logging for 'io.micronaut.context.condition' to check) and if the bean is enabled then ensure the class is declared a bean and annotation processing is enabled (for Java and Kotlin the 'micronaut-inject-java' dependency should be configured as an annotation processor)." type="io.micronaut.http.client.exceptions.HttpClientResponseException">io.micronaut.http.client.exceptions.HttpClientResponseException: Internal Server Error: No bean of type [guild.kotlin.micronaut.beans.RequestScopeBean] exists for the given qualifier: @RequestScope. Make sure the bean is not disabled by bean requirements (enable trace logging for 'io.micronaut.context.condition' to check) and if the bean is enabled then ensure the class is declared a bean and annotation processing is enabled (for Java and Kotlin the 'micronaut-inject-java' dependency should be configured as an annotation processor).
	at io.micronaut.http.client.netty.DefaultHttpClient$11.channelRead0(DefaultHttpClient.java:2046)
	at io.micronaut.http.client.netty.DefaultHttpClient$11.channelRead0(DefaultHttpClient.java:1964)
	at io.netty.channel.SimpleChannelInboundHandler.channelRead(SimpleChannelInboundHandler.java:99)
	at io.netty.channel.AbstractChannelHandlerContext.invokeChannelRead(AbstractChannelHandlerContext.java:379)
	at io.netty.channel.AbstractChannelHandlerContext.invokeChannelRead(AbstractChannelHandlerContext.java:365)
	at io.netty.channel.AbstractChannelHandlerContext.fireChannelRead(AbstractChannelHandlerContext.java:357)
	at io.micronaut.http.netty.stream.HttpStreamsHandler.channelRead(HttpStreamsHandler.java:190)
	at io.micronaut.http.netty.stream.HttpStreamsClientHandler.channelRead(HttpStreamsClientHandler.java:185)
	at io.netty.channel.AbstractChannelHandlerContext.invokeChannelRead(AbstractChannelHandlerContext.java:379)
	at io.netty.channel.AbstractChannelHandlerContext.invokeChannelRead(AbstractChannelHandlerContext.java:365)
	at io.netty.channel.AbstractChannelHandlerContext.fireChannelRead(AbstractChannelHandlerContext.java:357)
	at io.netty.handler.codec.MessageToMessageDecoder.channelRead(MessageToMessageDecoder.java:102)
	at io.netty.channel.AbstractChannelHandlerContext.invokeChannelRead(AbstractChannelHandlerContext.java:379)
	at io.netty.channel.AbstractChannelHandlerContext.invokeChannelRead(AbstractChannelHandlerContext.java:365)
	at io.netty.channel.AbstractChannelHandlerContext.fireChannelRead(AbstractChannelHandlerContext.java:357)
	at io.netty.handler.codec.MessageToMessageDecoder.channelRead(MessageToMessageDecoder.java:102)
	at io.netty.channel.AbstractChannelHandlerContext.invokeChannelRead(AbstractChannelHandlerContext.java:379)
	at io.netty.channel.AbstractChannelHandlerContext.invokeChannelRead(AbstractChannelHandlerContext.java:365)
	at io.netty.channel.AbstractChannelHandlerContext.fireChannelRead(AbstractChannelHandlerContext.java:357)
	at io.netty.channel.CombinedChannelDuplexHandler$DelegatingChannelHandlerContext.fireChannelRead(CombinedChannelDuplexHandler.java:436)
	at io.netty.handler.codec.ByteToMessageDecoder.fireChannelRead(ByteToMessageDecoder.java:321)
	at io.netty.handler.codec.ByteToMessageDecoder.channelRead(ByteToMessageDecoder.java:295)
	at io.netty.channel.CombinedChannelDuplexHandler.channelRead(CombinedChannelDuplexHandler.java:251)
	at io.netty.channel.AbstractChannelHandlerContext.invokeChannelRead(AbstractChannelHandlerContext.java:379)
	at io.netty.channel.AbstractChannelHandlerContext.invokeChannelRead(AbstractChannelHandlerContext.java:365)
	at io.netty.channel.AbstractChannelHandlerContext.fireChannelRead(AbstractChannelHandlerContext.java:357)
	at io.netty.handler.timeout.IdleStateHandler.channelRead(IdleStateHandler.java:286)
	at io.netty.channel.AbstractChannelHandlerContext.invokeChannelRead(AbstractChannelHandlerContext.java:379)
	at io.netty.channel.AbstractChannelHandlerContext.invokeChannelRead(AbstractChannelHandlerContext.java:365)
	at io.netty.channel.AbstractChannelHandlerContext.fireChannelRead(AbstractChannelHandlerContext.java:357)
	at io.netty.channel.DefaultChannelPipeline$HeadContext.channelRead(DefaultChannelPipeline.java:1410)
	at io.netty.channel.AbstractChannelHandlerContext.invokeChannelRead(AbstractChannelHandlerContext.java:379)
	at io.netty.channel.AbstractChannelHandlerContext.invokeChannelRead(AbstractChannelHandlerContext.java:365)
	at io.netty.channel.DefaultChannelPipeline.fireChannelRead(DefaultChannelPipeline.java:919)
	at io.netty.channel.nio.AbstractNioByteChannel$NioByteUnsafe.read(AbstractNioByteChannel.java:163)
	at io.netty.channel.nio.NioEventLoop.processSelectedKey(NioEventLoop.java:714)
	at io.netty.channel.nio.NioEventLoop.processSelectedKeysOptimized(NioEventLoop.java:650)
	at io.netty.channel.nio.NioEventLoop.processSelectedKeys(NioEventLoop.java:576)
	at io.netty.channel.nio.NioEventLoop.run(NioEventLoop.java:493)
	at io.netty.util.concurrent.SingleThreadEventExecutor$4.run(SingleThreadEventExecutor.java:989)
	at io.netty.util.internal.ThreadExecutorMap$2.run(ThreadExecutorMap.java:74)
	at io.netty.util.concurrent.FastThreadLocalRunnable.run(FastThreadLocalRunnable.java:30)
	at java.base/java.lang.Thread.run(Thread.java:834)
</failure>
  </testcase>
  <system-out><![CDATA[2020-06-17 16:12:51.666 ?[32mDEBUG?[m ?[35m4974?[m [    Test worker] ?[36mi.m.c.e.DefaultEnvironment              ?[m : Environment deduction is using the default of: true
2020-06-17 16:12:51.703 ?[32m INFO?[m ?[35m4974?[m [    Test worker] ?[36mi.m.c.e.DefaultEnvironment              ?[m : Established active environments: [test]
2020-06-17 16:12:51.714 ?[32mDEBUG?[m ?[35m4974?[m [    Test worker] ?[36mi.m.c.e.DefaultEnvironment              ?[m : Starting environment io.micronaut.context.DefaultApplicationContext$RuntimeConfiguredEnvironment@32a2a941 for active names [test]
2020-06-17 16:12:51.743 ?[32mDEBUG?[m ?[35m4974?[m [    Test worker] ?[36mi.m.c.e.DefaultEnvironment              ?[m : Reading property sources from loader: io.micronaut.jackson.env.JsonPropertySourceLoader@49e71a70
2020-06-17 16:12:51.746 ?[32mDEBUG?[m ?[35m4974?[m [    Test worker] ?[36mi.m.c.e.AbstractPropertySourceLoader    ?[m : No PropertySource found for file name: application.json
2020-06-17 16:12:51.750 ?[32mDEBUG?[m ?[35m4974?[m [    Test worker] ?[36mi.m.c.e.AbstractPropertySourceLoader    ?[m : No PropertySource found for file name: application-test.json
2020-06-17 16:12:51.751 ?[32mDEBUG?[m ?[35m4974?[m [    Test worker] ?[36mi.m.c.e.DefaultEnvironment              ?[m : Reading property sources from loader: io.micronaut.jackson.env.EnvJsonPropertySourceLoader@4bf5f476
2020-06-17 16:12:51.751 ?[32mDEBUG?[m ?[35m4974?[m [    Test worker] ?[36mi.m.c.e.AbstractPropertySourceLoader    ?[m : No PropertySource found for file name: application.json
2020-06-17 16:12:51.752 ?[32mDEBUG?[m ?[35m4974?[m [    Test worker] ?[36mi.m.c.e.AbstractPropertySourceLoader    ?[m : No PropertySource found for file name: application-test.json
2020-06-17 16:12:51.753 ?[32mDEBUG?[m ?[35m4974?[m [    Test worker] ?[36mi.m.c.e.DefaultEnvironment              ?[m : Reading property sources from loader: io.micronaut.jackson.env.CloudFoundryVcapApplicationPropertySourceLoader@2f81b524
2020-06-17 16:12:51.754 ?[32mDEBUG?[m ?[35m4974?[m [    Test worker] ?[36mi.m.c.e.AbstractPropertySourceLoader    ?[m : No PropertySource found for file name: application.VCAP_APPLICATION
2020-06-17 16:12:51.754 ?[32mDEBUG?[m ?[35m4974?[m [    Test worker] ?[36mi.m.c.e.AbstractPropertySourceLoader    ?[m : No PropertySource found for file name: application-test.VCAP_APPLICATION
2020-06-17 16:12:51.755 ?[32mDEBUG?[m ?[35m4974?[m [    Test worker] ?[36mi.m.c.e.DefaultEnvironment              ?[m : Reading property sources from loader: io.micronaut.jackson.env.CloudFoundryVcapServicesPropertySourceLoader@166ea437
2020-06-17 16:12:51.756 ?[32mDEBUG?[m ?[35m4974?[m [    Test worker] ?[36mi.m.c.e.AbstractPropertySourceLoader    ?[m : No PropertySource found for file name: application.VCAP_SERVICES
2020-06-17 16:12:51.757 ?[32mDEBUG?[m ?[35m4974?[m [    Test worker] ?[36mi.m.c.e.AbstractPropertySourceLoader    ?[m : No PropertySource found for file name: application-test.VCAP_SERVICES
2020-06-17 16:12:51.758 ?[32mDEBUG?[m ?[35m4974?[m [    Test worker] ?[36mi.m.c.e.DefaultEnvironment              ?[m : Reading property sources from loader: io.micronaut.context.env.yaml.YamlPropertySourceLoader@7604ea8
2020-06-17 16:12:51.761 ?[32mDEBUG?[m ?[35m4974?[m [    Test worker] ?[36mi.m.c.e.AbstractPropertySourceLoader    ?[m : No PropertySource found for file name: application.yml
2020-06-17 16:12:51.764 ?[32mDEBUG?[m ?[35m4974?[m [    Test worker] ?[36mi.m.c.e.AbstractPropertySourceLoader    ?[m : Found PropertySource for file name: application.yaml
2020-06-17 16:12:51.834 ?[34mTRACE?[m ?[35m4974?[m [    Test worker] ?[36mi.m.c.e.y.YamlPropertySourceLoader      ?[m : Processing YAML: {micronaut={http={client={read-timeout=2500ms, connect-timeout=2500ms}}}, endpoints={all={sensitive=false}}}
2020-06-17 16:12:51.835 ?[32mDEBUG?[m ?[35m4974?[m [    Test worker] ?[36mi.m.c.e.AbstractPropertySourceLoader    ?[m : No PropertySource found for file name: application-test.yml
2020-06-17 16:12:51.836 ?[32mDEBUG?[m ?[35m4974?[m [    Test worker] ?[36mi.m.c.e.AbstractPropertySourceLoader    ?[m : No PropertySource found for file name: application-test.yaml
2020-06-17 16:12:51.837 ?[32mDEBUG?[m ?[35m4974?[m [    Test worker] ?[36mi.m.c.e.DefaultEnvironment              ?[m : Reading property sources from loader: io.micronaut.context.env.PropertiesPropertySourceLoader@57324624
2020-06-17 16:12:51.838 ?[32mDEBUG?[m ?[35m4974?[m [    Test worker] ?[36mi.m.c.e.AbstractPropertySourceLoader    ?[m : No PropertySource found for file name: application.properties
2020-06-17 16:12:51.839 ?[32mDEBUG?[m ?[35m4974?[m [    Test worker] ?[36mi.m.c.e.AbstractPropertySourceLoader    ?[m : No PropertySource found for file name: application-test.properties
2020-06-17 16:12:51.842 ?[32mDEBUG?[m ?[35m4974?[m [    Test worker] ?[36mi.m.c.e.DefaultEnvironment              ?[m : Processing property source: application
2020-06-17 16:12:51.844 ?[34mTRACE?[m ?[35m4974?[m [    Test worker] ?[36mi.m.c.e.PropertySourcePropertyResolver  ?[m : Processing property key micronaut.http.client.read-timeout
2020-06-17 16:12:51.845 ?[34mTRACE?[m ?[35m4974?[m [    Test worker] ?[36mi.m.c.e.PropertySourcePropertyResolver  ?[m : Processing property key micronaut.http.client.connect-timeout
2020-06-17 16:12:51.846 ?[34mTRACE?[m ?[35m4974?[m [    Test worker] ?[36mi.m.c.e.PropertySourcePropertyResolver  ?[m : Processing property key endpoints.all.sensitive
2020-06-17 16:12:51.847 ?[32mDEBUG?[m ?[35m4974?[m [    Test worker] ?[36mi.m.c.e.DefaultEnvironment              ?[m : Processing property source: env
2020-06-17 16:12:51.848 ?[34mTRACE?[m ?[35m4974?[m [    Test worker] ?[36mi.m.c.e.PropertySourcePropertyResolver  ?[m : Processing property key PATH
2020-06-17 16:12:51.848 ?[34mTRACE?[m ?[35m4974?[m [    Test worker] ?[36mi.m.c.e.PropertySourcePropertyResolver  ?[m : Processing property key AWS_PROFILE
2020-06-17 16:12:51.852 ?[34mTRACE?[m ?[35m4974?[m [    Test worker] ?[36mi.m.c.e.PropertySourcePropertyResolver  ?[m : Processing property key LANG
2020-06-17 16:12:51.852 ?[34mTRACE?[m ?[35m4974?[m [    Test worker] ?[36mi.m.c.e.PropertySourcePropertyResolver  ?[m : Processing property key COMMAND_MODE
2020-06-17 16:12:51.853 ?[34mTRACE?[m ?[35m4974?[m [    Test worker] ?[36mi.m.c.e.PropertySourcePropertyResolver  ?[m : Processing property key SPACESHIP_VERSION
2020-06-17 16:12:51.854 ?[34mTRACE?[m ?[35m4974?[m [    Test worker] ?[36mi.m.c.e.PropertySourcePropertyResolver  ?[m : Processing property key VERSIONER_PYTHON_VERSION
2020-06-17 16:12:51.854 ?[34mTRACE?[m ?[35m4974?[m [    Test worker] ?[36mi.m.c.e.PropertySourcePropertyResolver  ?[m : Processing property key JAVA_MAIN_CLASS_4974
2020-06-17 16:12:51.855 ?[34mTRACE?[m ?[35m4974?[m [    Test worker] ?[36mi.m.c.e.PropertySourcePropertyResolver  ?[m : Processing property key LOGNAME
2020-06-17 16:12:51.855 ?[34mTRACE?[m ?[35m4974?[m [    Test worker] ?[36mi.m.c.e.PropertySourcePropertyResolver  ?[m : Processing property key AWS_SDK_LOAD_CONFIG
2020-06-17 16:12:51.856 ?[34mTRACE?[m ?[35m4974?[m [    Test worker] ?[36mi.m.c.e.PropertySourcePropertyResolver  ?[m : Processing property key XPC_SERVICE_NAME
2020-06-17 16:12:51.856 ?[34mTRACE?[m ?[35m4974?[m [    Test worker] ?[36mi.m.c.e.PropertySourcePropertyResolver  ?[m : Processing property key SHOWPAD_JVM_PROJECT_ID
2020-06-17 16:12:51.857 ?[34mTRACE?[m ?[35m4974?[m [    Test worker] ?[36mi.m.c.e.PropertySourcePropertyResolver  ?[m : Processing property key AWS_REGION
2020-06-17 16:12:51.857 ?[34mTRACE?[m ?[35m4974?[m [    Test worker] ?[36mi.m.c.e.PropertySourcePropertyResolver  ?[m : Processing property key GITLAB_PRIVATE_TOKEN
2020-06-17 16:12:51.858 ?[34mTRACE?[m ?[35m4974?[m [    Test worker] ?[36mi.m.c.e.PropertySourcePropertyResolver  ?[m : Processing property key SHELL
2020-06-17 16:12:51.858 ?[34mTRACE?[m ?[35m4974?[m [    Test worker] ?[36mi.m.c.e.PropertySourcePropertyResolver  ?[m : Processing property key OLDPWD
2020-06-17 16:12:51.859 ?[34mTRACE?[m ?[35m4974?[m [    Test worker] ?[36mi.m.c.e.PropertySourcePropertyResolver  ?[m : Processing property key USER
2020-06-17 16:12:51.860 ?[34mTRACE?[m ?[35m4974?[m [    Test worker] ?[36mi.m.c.e.PropertySourcePropertyResolver  ?[m : Processing property key TMPDIR
2020-06-17 16:12:51.860 ?[34mTRACE?[m ?[35m4974?[m [    Test worker] ?[36mi.m.c.e.PropertySourcePropertyResolver  ?[m : Processing property key SSH_AUTH_SOCK
2020-06-17 16:12:51.861 ?[34mTRACE?[m ?[35m4974?[m [    Test worker] ?[36mi.m.c.e.PropertySourcePropertyResolver  ?[m : Processing property key SPACESHIP_ROOT
2020-06-17 16:12:51.861 ?[34mTRACE?[m ?[35m4974?[m [    Test worker] ?[36mi.m.c.e.PropertySourcePropertyResolver  ?[m : Processing property key XPC_FLAGS
2020-06-17 16:12:51.862 ?[34mTRACE?[m ?[35m4974?[m [    Test worker] ?[36mi.m.c.e.PropertySourcePropertyResolver  ?[m : Processing property key LC_ALL
2020-06-17 16:12:51.862 ?[34mTRACE?[m ?[35m4974?[m [    Test worker] ?[36mi.m.c.e.PropertySourcePropertyResolver  ?[m : Processing property key __CF_USER_TEXT_ENCODING
2020-06-17 16:12:51.863 ?[34mTRACE?[m ?[35m4974?[m [    Test worker] ?[36mi.m.c.e.PropertySourcePropertyResolver  ?[m : Processing property key JENV_SHELL
2020-06-17 16:12:51.864 ?[34mTRACE?[m ?[35m4974?[m [    Test worker] ?[36mi.m.c.e.PropertySourcePropertyResolver  ?[m : Processing property key HOME
2020-06-17 16:12:51.865 ?[34mTRACE?[m ?[35m4974?[m [    Test worker] ?[36mi.m.c.e.PropertySourcePropertyResolver  ?[m : Processing property key JENV_LOADED
2020-06-17 16:12:51.865 ?[32mDEBUG?[m ?[35m4974?[m [    Test worker] ?[36mi.m.c.e.DefaultEnvironment              ?[m : Processing property source: system
2020-06-17 16:12:51.866 ?[34mTRACE?[m ?[35m4974?[m [    Test worker] ?[36mi.m.c.e.PropertySourcePropertyResolver  ?[m : Processing property key gopherProxySet
2020-06-17 16:12:51.867 ?[34mTRACE?[m ?[35m4974?[m [    Test worker] ?[36mi.m.c.e.PropertySourcePropertyResolver  ?[m : Processing property key awt.toolkit
2020-06-17 16:12:51.868 ?[34mTRACE?[m ?[35m4974?[m [    Test worker] ?[36mi.m.c.e.PropertySourcePropertyResolver  ?[m : Processing property key java.specification.version
2020-06-17 16:12:51.870 ?[34mTRACE?[m ?[35m4974?[m [    Test worker] ?[36mi.m.c.e.PropertySourcePropertyResolver  ?[m : Processing property key sun.cpu.isalist
2020-06-17 16:12:51.874 ?[34mTRACE?[m ?[35m4974?[m [    Test worker] ?[36mi.m.c.e.PropertySourcePropertyResolver  ?[m : Processing property key sun.jnu.encoding
2020-06-17 16:12:51.875 ?[34mTRACE?[m ?[35m4974?[m [    Test worker] ?[36mi.m.c.e.PropertySourcePropertyResolver  ?[m : Processing property key org.gradle.test.worker
2020-06-17 16:12:51.877 ?[34mTRACE?[m ?[35m4974?[m [    Test worker] ?[36mi.m.c.e.PropertySourcePropertyResolver  ?[m : Processing property key java.class.path
2020-06-17 16:12:51.881 ?[34mTRACE?[m ?[35m4974?[m [    Test worker] ?[36mi.m.c.e.PropertySourcePropertyResolver  ?[m : Processing property key java.vm.vendor
2020-06-17 16:12:51.882 ?[34mTRACE?[m ?[35m4974?[m [    Test worker] ?[36mi.m.c.e.PropertySourcePropertyResolver  ?[m : Processing property key sun.arch.data.model
2020-06-17 16:12:51.882 ?[34mTRACE?[m ?[35m4974?[m [    Test worker] ?[36mi.m.c.e.PropertySourcePropertyResolver  ?[m : Processing property key user.variant
2020-06-17 16:12:51.883 ?[34mTRACE?[m ?[35m4974?[m [    Test worker] ?[36mi.m.c.e.PropertySourcePropertyResolver  ?[m : Processing property key java.vendor.url
2020-06-17 16:12:51.884 ?[34mTRACE?[m ?[35m4974?[m [    Test worker] ?[36mi.m.c.e.PropertySourcePropertyResolver  ?[m : Processing property key user.timezone
2020-06-17 16:12:51.884 ?[34mTRACE?[m ?[35m4974?[m [    Test worker] ?[36mi.m.c.e.PropertySourcePropertyResolver  ?[m : Processing property key os.name
2020-06-17 16:12:51.885 ?[34mTRACE?[m ?[35m4974?[m [    Test worker] ?[36mi.m.c.e.PropertySourcePropertyResolver  ?[m : Processing property key java.vm.specification.version
2020-06-17 16:12:51.885 ?[34mTRACE?[m ?[35m4974?[m [    Test worker] ?[36mi.m.c.e.PropertySourcePropertyResolver  ?[m : Processing property key user.country
2020-06-17 16:12:51.886 ?[34mTRACE?[m ?[35m4974?[m [    Test worker] ?[36mi.m.c.e.PropertySourcePropertyResolver  ?[m : Processing property key sun.java.launcher
2020-06-17 16:12:51.887 ?[34mTRACE?[m ?[35m4974?[m [    Test worker] ?[36mi.m.c.e.PropertySourcePropertyResolver  ?[m : Processing property key sun.boot.library.path
2020-06-17 16:12:51.887 ?[34mTRACE?[m ?[35m4974?[m [    Test worker] ?[36mi.m.c.e.PropertySourcePropertyResolver  ?[m : Processing property key sun.java.command
2020-06-17 16:12:51.888 ?[34mTRACE?[m ?[35m4974?[m [    Test worker] ?[36mi.m.c.e.PropertySourcePropertyResolver  ?[m : Processing property key jdk.debug
2020-06-17 16:12:51.889 ?[34mTRACE?[m ?[35m4974?[m [    Test worker] ?[36mi.m.c.e.PropertySourcePropertyResolver  ?[m : Processing property key sun.cpu.endian
2020-06-17 16:12:51.890 ?[34mTRACE?[m ?[35m4974?[m [    Test worker] ?[36mi.m.c.e.PropertySourcePropertyResolver  ?[m : Processing property key user.home
2020-06-17 16:12:51.891 ?[34mTRACE?[m ?[35m4974?[m [    Test worker] ?[36mi.m.c.e.PropertySourcePropertyResolver  ?[m : Processing property key user.language
2020-06-17 16:12:51.892 ?[34mTRACE?[m ?[35m4974?[m [    Test worker] ?[36mi.m.c.e.PropertySourcePropertyResolver  ?[m : Processing property key java.specification.vendor
2020-06-17 16:12:51.894 ?[34mTRACE?[m ?[35m4974?[m [    Test worker] ?[36mi.m.c.e.PropertySourcePropertyResolver  ?[m : Processing property key org.gradle.native
2020-06-17 16:12:51.896 ?[34mTRACE?[m ?[35m4974?[m [    Test worker] ?[36mi.m.c.e.PropertySourcePropertyResolver  ?[m : Processing property key java.version.date
2020-06-17 16:12:51.897 ?[34mTRACE?[m ?[35m4974?[m [    Test worker] ?[36mi.m.c.e.PropertySourcePropertyResolver  ?[m : Processing property key java.home
2020-06-17 16:12:51.899 ?[34mTRACE?[m ?[35m4974?[m [    Test worker] ?[36mi.m.c.e.PropertySourcePropertyResolver  ?[m : Processing property key file.separator
2020-06-17 16:12:51.900 ?[34mTRACE?[m ?[35m4974?[m [    Test worker] ?[36mi.m.c.e.PropertySourcePropertyResolver  ?[m : Processing property key java.vm.compressedOopsMode
2020-06-17 16:12:51.901 ?[34mTRACE?[m ?[35m4974?[m [    Test worker] ?[36mi.m.c.e.PropertySourcePropertyResolver  ?[m : Processing property key line.separator
2020-06-17 16:12:51.902 ?[34mTRACE?[m ?[35m4974?[m [    Test worker] ?[36mi.m.c.e.PropertySourcePropertyResolver  ?[m : Processing property key java.specification.name
2020-06-17 16:12:51.902 ?[34mTRACE?[m ?[35m4974?[m [    Test worker] ?[36mi.m.c.e.PropertySourcePropertyResolver  ?[m : Processing property key java.vm.specification.vendor
2020-06-17 16:12:51.903 ?[34mTRACE?[m ?[35m4974?[m [    Test worker] ?[36mi.m.c.e.PropertySourcePropertyResolver  ?[m : Processing property key java.awt.graphicsenv
2020-06-17 16:12:51.903 ?[34mTRACE?[m ?[35m4974?[m [    Test worker] ?[36mi.m.c.e.PropertySourcePropertyResolver  ?[m : Processing property key sun.management.compiler
2020-06-17 16:12:51.905 ?[34mTRACE?[m ?[35m4974?[m [    Test worker] ?[36mi.m.c.e.PropertySourcePropertyResolver  ?[m : Processing property key java.runtime.version
2020-06-17 16:12:51.911 ?[34mTRACE?[m ?[35m4974?[m [    Test worker] ?[36mi.m.c.e.PropertySourcePropertyResolver  ?[m : Processing property key user.name
2020-06-17 16:12:51.912 ?[34mTRACE?[m ?[35m4974?[m [    Test worker] ?[36mi.m.c.e.PropertySourcePropertyResolver  ?[m : Processing property key path.separator
2020-06-17 16:12:51.915 ?[34mTRACE?[m ?[35m4974?[m [    Test worker] ?[36mi.m.c.e.PropertySourcePropertyResolver  ?[m : Processing property key os.version
2020-06-17 16:12:51.915 ?[34mTRACE?[m ?[35m4974?[m [    Test worker] ?[36mi.m.c.e.PropertySourcePropertyResolver  ?[m : Processing property key java.runtime.name
2020-06-17 16:12:51.917 ?[34mTRACE?[m ?[35m4974?[m [    Test worker] ?[36mi.m.c.e.PropertySourcePropertyResolver  ?[m : Processing property key file.encoding
2020-06-17 16:12:51.917 ?[34mTRACE?[m ?[35m4974?[m [    Test worker] ?[36mi.m.c.e.PropertySourcePropertyResolver  ?[m : Processing property key java.vm.name
2020-06-17 16:12:51.918 ?[34mTRACE?[m ?[35m4974?[m [    Test worker] ?[36mi.m.c.e.PropertySourcePropertyResolver  ?[m : Processing property key java.vendor.version
2020-06-17 16:12:51.919 ?[34mTRACE?[m ?[35m4974?[m [    Test worker] ?[36mi.m.c.e.PropertySourcePropertyResolver  ?[m : Processing property key micronaut.classloader.logging
2020-06-17 16:12:51.920 ?[34mTRACE?[m ?[35m4974?[m [    Test worker] ?[36mi.m.c.e.PropertySourcePropertyResolver  ?[m : Processing property key java.vendor.url.bug
2020-06-17 16:12:51.921 ?[34mTRACE?[m ?[35m4974?[m [    Test worker] ?[36mi.m.c.e.PropertySourcePropertyResolver  ?[m : Processing property key java.io.tmpdir
2020-06-17 16:12:51.922 ?[34mTRACE?[m ?[35m4974?[m [    Test worker] ?[36mi.m.c.e.PropertySourcePropertyResolver  ?[m : Processing property key java.version
2020-06-17 16:12:51.923 ?[34mTRACE?[m ?[35m4974?[m [    Test worker] ?[36mi.m.c.e.PropertySourcePropertyResolver  ?[m : Processing property key user.dir
2020-06-17 16:12:51.924 ?[34mTRACE?[m ?[35m4974?[m [    Test worker] ?[36mi.m.c.e.PropertySourcePropertyResolver  ?[m : Processing property key os.arch
2020-06-17 16:12:51.927 ?[34mTRACE?[m ?[35m4974?[m [    Test worker] ?[36mi.m.c.e.PropertySourcePropertyResolver  ?[m : Processing property key java.vm.specification.name
2020-06-17 16:12:51.931 ?[34mTRACE?[m ?[35m4974?[m [    Test worker] ?[36mi.m.c.e.PropertySourcePropertyResolver  ?[m : Processing property key java.awt.printerjob
2020-06-17 16:12:51.933 ?[34mTRACE?[m ?[35m4974?[m [    Test worker] ?[36mi.m.c.e.PropertySourcePropertyResolver  ?[m : Processing property key sun.os.patch.level
2020-06-17 16:12:51.934 ?[34mTRACE?[m ?[35m4974?[m [    Test worker] ?[36mi.m.c.e.PropertySourcePropertyResolver  ?[m : Processing property key java.library.path
2020-06-17 16:12:51.935 ?[34mTRACE?[m ?[35m4974?[m [    Test worker] ?[36mi.m.c.e.PropertySourcePropertyResolver  ?[m : Processing property key java.vendor
2020-06-17 16:12:51.936 ?[34mTRACE?[m ?[35m4974?[m [    Test worker] ?[36mi.m.c.e.PropertySourcePropertyResolver  ?[m : Processing property key java.vm.info
2020-06-17 16:12:51.937 ?[34mTRACE?[m ?[35m4974?[m [    Test worker] ?[36mi.m.c.e.PropertySourcePropertyResolver  ?[m : Processing property key java.vm.version
2020-06-17 16:12:51.938 ?[34mTRACE?[m ?[35m4974?[m [    Test worker] ?[36mi.m.c.e.PropertySourcePropertyResolver  ?[m : Processing property key sun.io.unicode.encoding
2020-06-17 16:12:51.939 ?[34mTRACE?[m ?[35m4974?[m [    Test worker] ?[36mi.m.c.e.PropertySourcePropertyResolver  ?[m : Processing property key java.class.version
2020-06-17 16:12:51.940 ?[32mDEBUG?[m ?[35m4974?[m [    Test worker] ?[36mi.m.c.e.DefaultEnvironment              ?[m : Processing property source: application
2020-06-17 16:12:51.940 ?[34mTRACE?[m ?[35m4974?[m [    Test worker] ?[36mi.m.c.e.PropertySourcePropertyResolver  ?[m : Processing property key micronaut.test.active.spec
2020-06-17 16:12:51.941 ?[34mTRACE?[m ?[35m4974?[m [    Test worker] ?[36mi.m.c.e.PropertySourcePropertyResolver  ?[m : Processing property key micronaut.test.active.spec.clazz
2020-06-17 16:12:51.945 ?[32mDEBUG?[m ?[35m4974?[m [    Test worker] ?[36mi.m.c.DefaultBeanContext                ?[m : Finding candidate beans for type: interface io.micronaut.context.env.Environment
2020-06-17 16:12:51.946 ?[32mDEBUG?[m ?[35m4974?[m [    Test worker] ?[36mi.m.c.DefaultBeanContext                ?[m : No bean candidates found for type: interface io.micronaut.context.env.Environment
2020-06-17 16:12:51.962 ?[32mDEBUG?[m ?[35m4974?[m [    Test worker] ?[36mi.m.c.DefaultBeanContext                ?[m : Starting BeanContext
2020-06-17 16:12:52.283 ?[32mDEBUG?[m ?[35m4974?[m [    Test worker] ?[36mi.m.c.AbstractBeanContextConditional    ?[m : Configuration: io.micronaut.http.server.cors will not be loaded due to failing conditions:
2020-06-17 16:12:52.283 ?[32mDEBUG?[m ?[35m4974?[m [    Test worker] ?[36mi.m.c.AbstractBeanContextConditional    ?[m : * Required property [micronaut.server.cors.enabled] with value [true] not present
2020-06-17 16:12:52.291 ?[32mDEBUG?[m ?[35m4974?[m [    Test worker] ?[36mi.m.c.DefaultBeanContext                ?[m : Finding candidate beans for type: interface io.micronaut.context.event.BeanCreatedEventListener
2020-06-17 16:12:52.318 ?[32mDEBUG?[m ?[35m4974?[m [    Test worker] ?[36mi.m.c.AbstractBeanContextConditional    ?[m : Bean [io.micronaut.web.router.version.$VersionAwareRouterListenerDefinition] will not be loaded due to failing conditions:
2020-06-17 16:12:52.319 ?[32mDEBUG?[m ?[35m4974?[m [    Test worker] ?[36mi.m.c.AbstractBeanContextConditional    ?[m : * Required property [micronaut.router.versioning.enabled] with value [true] not present
2020-06-17 16:12:52.323 ?[32mDEBUG?[m ?[35m4974?[m [    Test worker] ?[36mi.m.c.DefaultBeanContext                ?[m : Resolved bean candidates [Definition: io.micronaut.scheduling.instrument.ExecutorServiceInstrumenter, Definition: io.micronaut.http.server.netty.binders.NettyBinderRegistrar, Definition: io.micronaut.scheduling.instrument.ThreadFactoryInstrumenter] for type: interface io.micronaut.context.event.BeanCreatedEventListener
2020-06-17 16:12:52.326 ?[32mDEBUG?[m ?[35m4974?[m [    Test worker] ?[36mi.m.c.DefaultApplicationContext         ?[m : Finalized bean definitions candidates: [Definition: io.micronaut.scheduling.instrument.ExecutorServiceInstrumenter, Definition: io.micronaut.http.server.netty.binders.NettyBinderRegistrar, Definition: io.micronaut.scheduling.instrument.ThreadFactoryInstrumenter]
2020-06-17 16:12:52.339 ?[32mDEBUG?[m ?[35m4974?[m [    Test worker] ?[36mi.m.c.DefaultBeanContext                ?[m : Resolving beans for type: io.micronaut.scheduling.instrument.InvocationInstrumenterFactory
2020-06-17 16:12:52.341 ?[34mTRACE?[m ?[35m4974?[m [    Test worker] ?[36mi.m.c.DefaultBeanContext                ?[m : Looking up existing beans for key: io.micronaut.scheduling.instrument.InvocationInstrumenterFactory
2020-06-17 16:12:52.341 ?[34mTRACE?[m ?[35m4974?[m [    Test worker] ?[36mi.m.c.DefaultBeanContext                ?[m : No beans found for key: io.micronaut.scheduling.instrument.InvocationInstrumenterFactory
2020-06-17 16:12:52.342 ?[32mDEBUG?[m ?[35m4974?[m [    Test worker] ?[36mi.m.c.DefaultBeanContext                ?[m : Finding candidate beans for type: interface io.micronaut.scheduling.instrument.InvocationInstrumenterFactory
2020-06-17 16:12:52.343 ?[32mDEBUG?[m ?[35m4974?[m [    Test worker] ?[36mi.m.c.DefaultBeanContext                ?[m : Resolved bean candidates [Definition: io.micronaut.http.server.context.ServerRequestContextInstrumentation] for type: interface io.micronaut.scheduling.instrument.InvocationInstrumenterFactory
2020-06-17 16:12:52.344 ?[32mDEBUG?[m ?[35m4974?[m [    Test worker] ?[36mi.m.c.DefaultApplicationContext         ?[m : Finalized bean definitions candidates: [Definition: io.micronaut.http.server.context.ServerRequestContextInstrumentation]
2020-06-17 16:12:52.346 ?[32mDEBUG?[m ?[35m4974?[m [    Test worker] ?[36mi.m.c.DefaultBeanContext                ?[m : Created bean [io.micronaut.http.server.context.ServerRequestContextInstrumentation@232efcf5] from definition [Definition: io.micronaut.http.server.context.ServerRequestContextInstrumentation] with qualifier [null]
2020-06-17 16:12:52.346 ?[32mDEBUG?[m ?[35m4974?[m [    Test worker] ?[36mi.m.c.DefaultBeanContext                ?[m : Registering singleton bean io.micronaut.http.server.context.ServerRequestContextInstrumentation@232efcf5 for type [io.micronaut.scheduling.instrument.InvocationInstrumenterFactory] using bean key io.micronaut.http.server.context.ServerRequestContextInstrumentation
2020-06-17 16:12:52.347 ?[32mDEBUG?[m ?[35m4974?[m [    Test worker] ?[36mi.m.c.DefaultBeanContext                ?[m : Found 1 beans for type [io.micronaut.scheduling.instrument.InvocationInstrumenterFactory]: [io.micronaut.http.server.context.ServerRequestContextInstrumentation@232efcf5] 
2020-06-17 16:12:52.348 ?[32mDEBUG?[m ?[35m4974?[m [    Test worker] ?[36mi.m.c.DefaultBeanContext                ?[m : Created bean [io.micronaut.scheduling.instrument.ExecutorServiceInstrumenter@1d4e41fc] from definition [Definition: io.micronaut.scheduling.instrument.ExecutorServiceInstrumenter] with qualifier [null]
2020-06-17 16:12:52.349 ?[32mDEBUG?[m ?[35m4974?[m [    Test worker] ?[36mi.m.c.DefaultBeanContext                ?[m : Registering singleton bean io.micronaut.scheduling.instrument.ExecutorServiceInstrumenter@1d4e41fc for type [io.micronaut.scheduling.instrument.ExecutorServiceInstrumenter] using bean key io.micronaut.scheduling.instrument.ExecutorServiceInstrumenter
2020-06-17 16:12:52.354 ?[34mTRACE?[m ?[35m4974?[m [    Test worker] ?[36mi.m.c.DefaultBeanContext                ?[m : Looking up existing bean for key: io.micronaut.core.convert.ConversionService
2020-06-17 16:12:52.355 ?[34mTRACE?[m ?[35m4974?[m [    Test worker] ?[36mi.m.c.DefaultBeanContext                ?[m : No existing bean found for bean key: io.micronaut.core.convert.ConversionService
2020-06-17 16:12:52.355 ?[32mDEBUG?[m ?[35m4974?[m [    Test worker] ?[36mi.m.c.DefaultBeanContext                ?[m : Finding candidate beans for type: interface io.micronaut.core.convert.ConversionService
2020-06-17 16:12:52.356 ?[32mDEBUG?[m ?[35m4974?[m [    Test worker] ?[36mi.m.c.DefaultBeanContext                ?[m : Resolved bean candidates [io.micronaut.context.DefaultBeanContext$NoInjectionBeanDefinition@1c5d4468] for type: interface io.micronaut.core.convert.ConversionService
2020-06-17 16:12:52.357 ?[32mDEBUG?[m ?[35m4974?[m [    Test worker] ?[36mi.m.c.DefaultApplicationContext         ?[m : Finalized bean definitions candidates: [io.micronaut.context.DefaultBeanContext$NoInjectionBeanDefinition@1c5d4468]
2020-06-17 16:12:52.358 ?[32mDEBUG?[m ?[35m4974?[m [    Test worker] ?[36mi.m.c.DefaultBeanContext                ?[m : Found concrete candidate [io.micronaut.context.DefaultBeanContext$NoInjectionBeanDefinition@1c5d4468] for type: io.micronaut.core.convert.ConversionService 
2020-06-17 16:12:52.361 ?[32mDEBUG?[m ?[35m4974?[m [    Test worker] ?[36mi.m.c.DefaultBeanContext                ?[m : Registering singleton bean io.micronaut.context.DefaultApplicationContext$RuntimeConfiguredEnvironment@32a2a941 for type [io.micronaut.context.DefaultApplicationContext$RuntimeConfiguredEnvironment] using bean key io.micronaut.context.DefaultApplicationContext$RuntimeConfiguredEnvironment
2020-06-17 16:12:52.362 ?[32mDEBUG?[m ?[35m4974?[m [    Test worker] ?[36mi.m.c.DefaultBeanContext                ?[m : Resolved existing bean [io.micronaut.context.DefaultApplicationContext$RuntimeConfiguredEnvironment@32a2a941] for type [interface io.micronaut.core.convert.ConversionService] and qualifier [null]
2020-06-17 16:12:52.363 ?[34mTRACE?[m ?[35m4974?[m [    Test worker] ?[36mi.m.c.DefaultBeanContext                ?[m : Looking up existing bean for key: io.micronaut.http.server.netty.HttpContentProcessorResolver
2020-06-17 16:12:52.363 ?[34mTRACE?[m ?[35m4974?[m [    Test worker] ?[36mi.m.c.DefaultBeanContext                ?[m : No existing bean found for bean key: io.micronaut.http.server.netty.HttpContentProcessorResolver
2020-06-17 16:12:52.364 ?[32mDEBUG?[m ?[35m4974?[m [    Test worker] ?[36mi.m.c.DefaultBeanContext                ?[m : Finding candidate beans for type: interface io.micronaut.http.server.netty.HttpContentProcessorResolver
2020-06-17 16:12:52.367 ?[32mDEBUG?[m ?[35m4974?[m [    Test worker] ?[36mi.m.c.DefaultBeanContext                ?[m : Resolved bean candidates [Definition: io.micronaut.http.server.netty.DefaultHttpContentProcessorResolver] for type: interface io.micronaut.http.server.netty.HttpContentProcessorResolver
2020-06-17 16:12:52.368 ?[32mDEBUG?[m ?[35m4974?[m [    Test worker] ?[36mi.m.c.DefaultApplicationContext         ?[m : Finalized bean definitions candidates: [Definition: io.micronaut.http.server.netty.DefaultHttpContentProcessorResolver]
2020-06-17 16:12:52.370 ?[32mDEBUG?[m ?[35m4974?[m [    Test worker] ?[36mi.m.c.DefaultBeanContext                ?[m : Found concrete candidate [Definition: io.micronaut.http.server.netty.DefaultHttpContentProcessorResolver] for type: io.micronaut.http.server.netty.HttpContentProcessorResolver 
2020-06-17 16:12:52.374 ?[32mDEBUG?[m ?[35m4974?[m [    Test worker] ?[36mi.m.c.DefaultBeanContext                ?[m : Finding candidate beans for type: class io.micronaut.http.server.netty.configuration.NettyHttpServerConfiguration
2020-06-17 16:12:52.386 ?[32mDEBUG?[m ?[35m4974?[m [    Test worker] ?[36mi.m.c.DefaultBeanContext                ?[m : Resolved bean candidates [Definition: io.micronaut.http.server.netty.configuration.NettyHttpServerConfiguration] for type: class io.micronaut.http.server.netty.configuration.NettyHttpServerConfiguration
2020-06-17 16:12:52.387 ?[32mDEBUG?[m ?[35m4974?[m [    Test worker] ?[36mi.m.c.DefaultApplicationContext         ?[m : Finalized bean definitions candidates: [Definition: io.micronaut.http.server.netty.configuration.NettyHttpServerConfiguration]
2020-06-17 16:12:52.387 ?[32mDEBUG?[m ?[35m4974?[m [    Test worker] ?[36mi.m.c.DefaultBeanContext                ?[m : Found concrete candidate [Definition: io.micronaut.http.server.netty.configuration.NettyHttpServerConfiguration] for type: io.micronaut.http.server.netty.configuration.NettyHttpServerConfiguration 
2020-06-17 16:12:52.388 ?[32mDEBUG?[m ?[35m4974?[m [    Test worker] ?[36mi.m.c.DefaultBeanContext                ?[m : Created bean [io.micronaut.http.server.netty.DefaultHttpContentProcessorResolver@878fb6c] from definition [Definition: io.micronaut.http.server.netty.DefaultHttpContentProcessorResolver] with qualifier [null]
2020-06-17 16:12:52.389 ?[32mDEBUG?[m ?[35m4974?[m [    Test worker] ?[36mi.m.c.DefaultBeanContext                ?[m : Registering singleton bean io.micronaut.http.server.netty.DefaultHttpContentProcessorResolver@878fb6c for type [io.micronaut.http.server.netty.HttpContentProcessorResolver] using bean key io.micronaut.http.server.netty.DefaultHttpContentProcessorResolver
2020-06-17 16:12:52.390 ?[32mDEBUG?[m ?[35m4974?[m [    Test worker] ?[36mi.m.c.DefaultBeanContext                ?[m : Finding candidate beans for type: class io.micronaut.http.server.HttpServerConfiguration
2020-06-17 16:12:52.396 ?[32mDEBUG?[m ?[35m4974?[m [    Test worker] ?[36mi.m.c.DefaultBeanContext                ?[m : Bean [class io.micronaut.http.server.netty.configuration.NettyHttpServerConfiguration] replaces existing bean of type [class io.micronaut.http.server.HttpServerConfiguration]
2020-06-17 16:12:52.397 ?[32mDEBUG?[m ?[35m4974?[m [    Test worker] ?[36mi.m.c.DefaultBeanContext                ?[m : Resolved bean candidates [Definition: io.micronaut.http.server.netty.configuration.NettyHttpServerConfiguration] for type: class io.micronaut.http.server.HttpServerConfiguration
2020-06-17 16:12:52.398 ?[32mDEBUG?[m ?[35m4974?[m [    Test worker] ?[36mi.m.c.DefaultApplicationContext         ?[m : Finalized bean definitions candidates: [Definition: io.micronaut.http.server.netty.configuration.NettyHttpServerConfiguration]
2020-06-17 16:12:52.399 ?[32mDEBUG?[m ?[35m4974?[m [    Test worker] ?[36mi.m.c.DefaultBeanContext                ?[m : Found concrete candidate [Definition: io.micronaut.http.server.netty.configuration.NettyHttpServerConfiguration] for type: io.micronaut.http.server.HttpServerConfiguration 
2020-06-17 16:12:52.399 ?[32mDEBUG?[m ?[35m4974?[m [    Test worker] ?[36mi.m.c.DefaultBeanContext                ?[m : Created bean [io.micronaut.http.server.netty.binders.NettyBinderRegistrar@11a54be6] from definition [Definition: io.micronaut.http.server.netty.binders.NettyBinderRegistrar] with qualifier [null]
2020-06-17 16:12:52.400 ?[32mDEBUG?[m ?[35m4974?[m [    Test worker] ?[36mi.m.c.DefaultBeanContext                ?[m : Registering singleton bean io.micronaut.http.server.netty.binders.NettyBinderRegistrar@11a54be6 for type [io.micronaut.http.server.netty.binders.NettyBinderRegistrar] using bean key io.micronaut.http.server.netty.binders.NettyBinderRegistrar
2020-06-17 16:12:52.402 ?[32mDEBUG?[m ?[35m4974?[m [    Test worker] ?[36mi.m.c.DefaultBeanContext                ?[m : Resolving beans for type: io.micronaut.scheduling.instrument.InvocationInstrumenterFactory
2020-06-17 16:12:52.402 ?[34mTRACE?[m ?[35m4974?[m [    Test worker] ?[36mi.m.c.DefaultBeanContext                ?[m : Looking up existing beans for key: io.micronaut.scheduling.instrument.InvocationInstrumenterFactory
2020-06-17 16:12:52.403 ?[34mTRACE?[m ?[35m4974?[m [    Test worker] ?[36mi.m.c.DefaultBeanContext                ?[m : Found 1 existing beans for type [io.micronaut.scheduling.instrument.InvocationInstrumenterFactory]: [io.micronaut.http.server.context.ServerRequestContextInstrumentation@232efcf5] 
2020-06-17 16:12:52.404 ?[32mDEBUG?[m ?[35m4974?[m [    Test worker] ?[36mi.m.c.DefaultBeanContext                ?[m : Created bean [io.micronaut.scheduling.instrument.ThreadFactoryInstrumenter@4d7dc0c5] from definition [Definition: io.micronaut.scheduling.instrument.ThreadFactoryInstrumenter] with qualifier [null]
2020-06-17 16:12:52.405 ?[32mDEBUG?[m ?[35m4974?[m [    Test worker] ?[36mi.m.c.DefaultBeanContext                ?[m : Registering singleton bean io.micronaut.scheduling.instrument.ThreadFactoryInstrumenter@4d7dc0c5 for type [io.micronaut.scheduling.instrument.ThreadFactoryInstrumenter] using bean key io.micronaut.scheduling.instrument.ThreadFactoryInstrumenter
2020-06-17 16:12:52.406 ?[32mDEBUG?[m ?[35m4974?[m [    Test worker] ?[36mi.m.c.DefaultBeanContext                ?[m : Finding candidate beans for type: interface io.micronaut.context.event.BeanInitializedEventListener
2020-06-17 16:12:52.407 ?[32mDEBUG?[m ?[35m4974?[m [    Test worker] ?[36mi.m.c.DefaultBeanContext                ?[m : No bean candidates found for type: interface io.micronaut.context.event.BeanInitializedEventListener
2020-06-17 16:12:52.407 ?[32mDEBUG?[m ?[35m4974?[m [    Test worker] ?[36mi.m.c.DefaultBeanContext                ?[m : Resolving beans for type: io.micronaut.core.convert.TypeConverter
2020-06-17 16:12:52.410 ?[34mTRACE?[m ?[35m4974?[m [    Test worker] ?[36mi.m.c.DefaultBeanContext                ?[m : Looking up existing beans for key: io.micronaut.core.convert.TypeConverter
2020-06-17 16:12:52.411 ?[34mTRACE?[m ?[35m4974?[m [    Test worker] ?[36mi.m.c.DefaultBeanContext                ?[m : No beans found for key: io.micronaut.core.convert.TypeConverter
2020-06-17 16:12:52.412 ?[32mDEBUG?[m ?[35m4974?[m [    Test worker] ?[36mi.m.c.DefaultBeanContext                ?[m : Finding candidate beans for type: interface io.micronaut.core.convert.TypeConverter
2020-06-17 16:12:52.412 ?[32mDEBUG?[m ?[35m4974?[m [    Test worker] ?[36mi.m.c.DefaultBeanContext                ?[m : No bean candidates found for type: interface io.micronaut.core.convert.TypeConverter
2020-06-17 16:12:52.414 ?[32mDEBUG?[m ?[35m4974?[m [    Test worker] ?[36mi.m.c.DefaultBeanContext                ?[m : Found no possible candidate beans of type [io.micronaut.core.convert.TypeConverter] for qualifier: null 
2020-06-17 16:12:52.415 ?[32mDEBUG?[m ?[35m4974?[m [    Test worker] ?[36mi.m.c.DefaultBeanContext                ?[m : Resolving beans for type: io.micronaut.core.convert.TypeConverterRegistrar
2020-06-17 16:12:52.416 ?[34mTRACE?[m ?[35m4974?[m [    Test worker] ?[36mi.m.c.DefaultBeanContext                ?[m : Looking up existing beans for key: io.micronaut.core.convert.TypeConverterRegistrar
2020-06-17 16:12:52.416 ?[34mTRACE?[m ?[35m4974?[m [    Test worker] ?[36mi.m.c.DefaultBeanContext                ?[m : No beans found for key: io.micronaut.core.convert.TypeConverterRegistrar
2020-06-17 16:12:52.417 ?[32mDEBUG?[m ?[35m4974?[m [    Test worker] ?[36mi.m.c.DefaultBeanContext                ?[m : Finding candidate beans for type: interface io.micronaut.core.convert.TypeConverterRegistrar
2020-06-17 16:12:52.422 ?[32mDEBUG?[m ?[35m4974?[m [    Test worker] ?[36mi.m.c.AbstractBeanContextConditional    ?[m : Bean [io.micronaut.reactive.flow.converters.$FlowConverterRegistrarDefinition] will not be loaded due to failing conditions:
2020-06-17 16:12:52.423 ?[32mDEBUG?[m ?[35m4974?[m [    Test worker] ?[36mi.m.c.AbstractBeanContextConditional    ?[m : * Class [kotlinx.coroutines.reactive.ReactiveFlowKt] is not present
2020-06-17 16:12:52.427 ?[32mDEBUG?[m ?[35m4974?[m [    Test worker] ?[36mi.m.c.AbstractBeanContextConditional    ?[m : Bean [io.micronaut.http.netty.channel.converters.$KQueueChannelOptionFactoryDefinition] will not be loaded due to failing conditions:
2020-06-17 16:12:52.427 ?[32mDEBUG?[m ?[35m4974?[m [    Test worker] ?[36mi.m.c.AbstractBeanContextConditional    ?[m : * Class [io.netty.channel.kqueue.KQueue] is not present
2020-06-17 16:12:52.430 ?[32mDEBUG?[m ?[35m4974?[m [    Test worker] ?[36mi.m.c.DefaultBeanContext                ?[m : Resolved bean candidates [Definition: io.micronaut.jackson.convert.JacksonConverterRegistrar, Definition: io.micronaut.runtime.converters.time.TimeConverterRegistrar, Definition: io.micronaut.http.server.netty.converters.NettyConverters, Definition: io.micronaut.reactive.rxjava2.converters.RxJavaConverterRegistrar, Definition: io.micronaut.http.converters.HttpConverterRegistrar, Definition: io.micronaut.http.client.loadbalance.LoadBalancerConverters] for type: interface io.micronaut.core.convert.TypeConverterRegistrar
2020-06-17 16:12:52.432 ?[32mDEBUG?[m ?[35m4974?[m [    Test worker] ?[36mi.m.c.DefaultApplicationContext         ?[m : Finalized bean definitions candidates: [Definition: io.micronaut.jackson.convert.JacksonConverterRegistrar, Definition: io.micronaut.runtime.converters.time.TimeConverterRegistrar, Definition: io.micronaut.http.server.netty.converters.NettyConverters, Definition: io.micronaut.reactive.rxjava2.converters.RxJavaConverterRegistrar, Definition: io.micronaut.http.converters.HttpConverterRegistrar, Definition: io.micronaut.http.client.loadbalance.LoadBalancerConverters]
2020-06-17 16:12:52.433 ?[32mDEBUG?[m ?[35m4974?[m [    Test worker] ?[36mi.m.c.DefaultBeanContext                ?[m : Finding candidate beans for type: class com.fasterxml.jackson.databind.ObjectMapper
2020-06-17 16:12:52.438 ?[32mDEBUG?[m ?[35m4974?[m [    Test worker] ?[36mi.m.c.DefaultBeanContext                ?[m : Resolved bean candidates [Definition: io.micronaut.jackson.ObjectMapperFactory] for type: class com.fasterxml.jackson.databind.ObjectMapper
2020-06-17 16:12:52.439 ?[32mDEBUG?[m ?[35m4974?[m [    Test worker] ?[36mi.m.c.DefaultApplicationContext         ?[m : Finalized bean definitions candidates: [Definition: io.micronaut.jackson.ObjectMapperFactory]
2020-06-17 16:12:52.439 ?[32mDEBUG?[m ?[35m4974?[m [    Test worker] ?[36mi.m.c.DefaultBeanContext                ?[m : Found concrete candidate [Definition: io.micronaut.jackson.ObjectMapperFactory] for type: com.fasterxml.jackson.databind.ObjectMapper 
2020-06-17 16:12:52.440 ?[32mDEBUG?[m ?[35m4974?[m [    Test worker] ?[36mi.m.c.DefaultBeanContext                ?[m : Finding candidate beans for type: interface io.micronaut.core.bind.BeanPropertyBinder
2020-06-17 16:12:52.442 ?[32mDEBUG?[m ?[35m4974?[m [    Test worker] ?[36mi.m.c.DefaultBeanContext                ?[m : Resolved bean candidates [Definition: io.micronaut.jackson.bind.JacksonBeanPropertyBinder] for type: interface io.micronaut.core.bind.BeanPropertyBinder
2020-06-17 16:12:52.443 ?[32mDEBUG?[m ?[35m4974?[m [    Test worker] ?[36mi.m.c.DefaultApplicationContext         ?[m : Finalized bean definitions candidates: [Definition: io.micronaut.jackson.bind.JacksonBeanPropertyBinder]
2020-06-17 16:12:52.443 ?[32mDEBUG?[m ?[35m4974?[m [    Test worker] ?[36mi.m.c.DefaultBeanContext                ?[m : Found concrete candidate [Definition: io.micronaut.jackson.bind.JacksonBeanPropertyBinder] for type: io.micronaut.core.bind.BeanPropertyBinder 
2020-06-17 16:12:52.444 ?[34mTRACE?[m ?[35m4974?[m [    Test worker] ?[36mi.m.c.DefaultBeanContext                ?[m : Looking up existing bean for key: io.micronaut.core.convert.ConversionService
2020-06-17 16:12:52.444 ?[34mTRACE?[m ?[35m4974?[m [    Test worker] ?[36mi.m.c.DefaultBeanContext                ?[m : No existing bean found for bean key: io.micronaut.core.convert.ConversionService
2020-06-17 16:12:52.445 ?[32mDEBUG?[m ?[35m4974?[m [    Test worker] ?[36mi.m.c.DefaultBeanContext                ?[m : Registering singleton bean io.micronaut.context.DefaultApplicationContext$RuntimeConfiguredEnvironment@32a2a941 for type [io.micronaut.context.DefaultApplicationContext$RuntimeConfiguredEnvironment] using bean key io.micronaut.context.DefaultApplicationContext$RuntimeConfiguredEnvironment
2020-06-17 16:12:52.446 ?[32mDEBUG?[m ?[35m4974?[m [    Test worker] ?[36mi.m.c.DefaultBeanContext                ?[m : Resolved existing bean [io.micronaut.context.DefaultApplicationContext$RuntimeConfiguredEnvironment@32a2a941] for type [interface io.micronaut.core.convert.ConversionService] and qualifier [null]
2020-06-17 16:12:52.447 ?[32mDEBUG?[m ?[35m4974?[m [    Test worker] ?[36mi.m.c.DefaultBeanContext                ?[m : Created bean [io.micronaut.jackson.convert.JacksonConverterRegistrar@15755f01] from definition [Definition: io.micronaut.jackson.convert.JacksonConverterRegistrar] with qualifier [null]
2020-06-17 16:12:52.447 ?[32mDEBUG?[m ?[35m4974?[m [    Test worker] ?[36mi.m.c.DefaultBeanContext                ?[m : Registering singleton bean io.micronaut.jackson.convert.JacksonConverterRegistrar@15755f01 for type [io.micronaut.core.convert.TypeConverterRegistrar] using bean key io.micronaut.jackson.convert.JacksonConverterRegistrar
2020-06-17 16:12:52.449 ?[32mDEBUG?[m ?[35m4974?[m [    Test worker] ?[36mi.m.c.DefaultBeanContext                ?[m : Created bean [io.micronaut.runtime.converters.time.TimeConverterRegistrar@61b76c30] from definition [Definition: io.micronaut.runtime.converters.time.TimeConverterRegistrar] with qualifier [null]
2020-06-17 16:12:52.450 ?[32mDEBUG?[m ?[35m4974?[m [    Test worker] ?[36mi.m.c.DefaultBeanContext                ?[m : Registering singleton bean io.micronaut.runtime.converters.time.TimeConverterRegistrar@61b76c30 for type [io.micronaut.core.convert.TypeConverterRegistrar] using bean key io.micronaut.runtime.converters.time.TimeConverterRegistrar
2020-06-17 16:12:52.452 ?[34mTRACE?[m ?[35m4974?[m [    Test worker] ?[36mi.m.c.DefaultBeanContext                ?[m : Looking up existing bean for key: io.micronaut.core.convert.ConversionService
2020-06-17 16:12:52.454 ?[34mTRACE?[m ?[35m4974?[m [    Test worker] ?[36mi.m.c.DefaultBeanContext                ?[m : No existing bean found for bean key: io.micronaut.core.convert.ConversionService
2020-06-17 16:12:52.455 ?[32mDEBUG?[m ?[35m4974?[m [    Test worker] ?[36mi.m.c.DefaultBeanContext                ?[m : Registering singleton bean io.micronaut.context.DefaultApplicationContext$RuntimeConfiguredEnvironment@32a2a941 for type [io.micronaut.context.DefaultApplicationContext$RuntimeConfiguredEnvironment] using bean key io.micronaut.context.DefaultApplicationContext$RuntimeConfiguredEnvironment
2020-06-17 16:12:52.456 ?[32mDEBUG?[m ?[35m4974?[m [    Test worker] ?[36mi.m.c.DefaultBeanContext                ?[m : Resolved existing bean [io.micronaut.context.DefaultApplicationContext$RuntimeConfiguredEnvironment@32a2a941] for type [interface io.micronaut.core.convert.ConversionService] and qualifier [null]
2020-06-17 16:12:52.457 ?[32mDEBUG?[m ?[35m4974?[m [    Test worker] ?[36mi.m.c.DefaultBeanContext                ?[m : Finding candidate beans for type: interface io.micronaut.http.codec.MediaTypeCodecRegistry
2020-06-17 16:12:52.459 ?[32mDEBUG?[m ?[35m4974?[m [    Test worker] ?[36mi.m.c.DefaultBeanContext                ?[m : Resolved bean candidates [Definition: io.micronaut.runtime.http.codec.MediaTypeCodecRegistryFactory] for type: interface io.micronaut.http.codec.MediaTypeCodecRegistry
2020-06-17 16:12:52.460 ?[32mDEBUG?[m ?[35m4974?[m [    Test worker] ?[36mi.m.c.DefaultApplicationContext         ?[m : Finalized bean definitions candidates: [Definition: io.micronaut.runtime.http.codec.MediaTypeCodecRegistryFactory]
2020-06-17 16:12:52.460 ?[32mDEBUG?[m ?[35m4974?[m [    Test worker] ?[36mi.m.c.DefaultBeanContext                ?[m : Found concrete candidate [Definition: io.micronaut.runtime.http.codec.MediaTypeCodecRegistryFactory] for type: io.micronaut.http.codec.MediaTypeCodecRegistry 
2020-06-17 16:12:52.461 ?[34mTRACE?[m ?[35m4974?[m [    Test worker] ?[36mi.m.c.DefaultBeanContext                ?[m : Looking up existing bean for key: io.micronaut.http.netty.channel.converters.ChannelOptionFactory
2020-06-17 16:12:52.461 ?[34mTRACE?[m ?[35m4974?[m [    Test worker] ?[36mi.m.c.DefaultBeanContext                ?[m : No existing bean found for bean key: io.micronaut.http.netty.channel.converters.ChannelOptionFactory
2020-06-17 16:12:52.462 ?[32mDEBUG?[m ?[35m4974?[m [    Test worker] ?[36mi.m.c.DefaultBeanContext                ?[m : Finding candidate beans for type: interface io.micronaut.http.netty.channel.converters.ChannelOptionFactory
2020-06-17 16:12:52.465 ?[32mDEBUG?[m ?[35m4974?[m [    Test worker] ?[36mi.m.c.DefaultBeanContext                ?[m : Finding candidate beans for type: class io.micronaut.http.netty.channel.converters.EpollChannelOptionFactory
2020-06-17 16:12:52.467 ?[32mDEBUG?[m ?[35m4974?[m [    Test worker] ?[36mi.m.c.AbstractBeanContextConditional    ?[m : Bean [io.micronaut.http.netty.channel.converters.$EpollChannelOptionFactoryDefinition] will not be loaded due to failing conditions:
2020-06-17 16:12:52.468 ?[32mDEBUG?[m ?[35m4974?[m [    Test worker] ?[36mi.m.c.AbstractBeanContextConditional    ?[m : * Class [io.netty.channel.epoll.Epoll] is not present
2020-06-17 16:12:52.469 ?[32mDEBUG?[m ?[35m4974?[m [    Test worker] ?[36mi.m.c.DefaultBeanContext                ?[m : Resolved bean candidates [] for type: class io.micronaut.http.netty.channel.converters.EpollChannelOptionFactory
2020-06-17 16:12:52.470 ?[32mDEBUG?[m ?[35m4974?[m [    Test worker] ?[36mi.m.c.DefaultBeanContext                ?[m : Finding candidate beans for type: class io.micronaut.http.netty.channel.converters.KQueueChannelOptionFactory
2020-06-17 16:12:52.471 ?[32mDEBUG?[m ?[35m4974?[m [    Test worker] ?[36mi.m.c.AbstractBeanContextConditional    ?[m : Bean [io.micronaut.http.netty.channel.converters.$KQueueChannelOptionFactoryDefinition] will not be loaded due to failing conditions:
2020-06-17 16:12:52.471 ?[32mDEBUG?[m ?[35m4974?[m [    Test worker] ?[36mi.m.c.AbstractBeanContextConditional    ?[m : * Class [io.netty.channel.kqueue.KQueue] is not present
2020-06-17 16:12:52.472 ?[32mDEBUG?[m ?[35m4974?[m [    Test worker] ?[36mi.m.c.DefaultBeanContext                ?[m : Resolved bean candidates [] for type: class io.micronaut.http.netty.channel.converters.KQueueChannelOptionFactory
2020-06-17 16:12:52.472 ?[32mDEBUG?[m ?[35m4974?[m [    Test worker] ?[36mi.m.c.AbstractBeanContextConditional    ?[m : Bean [io.micronaut.http.netty.channel.converters.$EpollChannelOptionFactoryDefinition] will not be loaded due to failing conditions:
2020-06-17 16:12:52.473 ?[32mDEBUG?[m ?[35m4974?[m [    Test worker] ?[36mi.m.c.AbstractBeanContextConditional    ?[m : * Class [io.netty.channel.epoll.Epoll] is not present
2020-06-17 16:12:52.474 ?[32mDEBUG?[m ?[35m4974?[m [    Test worker] ?[36mi.m.c.AbstractBeanContextConditional    ?[m : Bean [io.micronaut.http.netty.channel.converters.$KQueueChannelOptionFactoryDefinition] will not be loaded due to failing conditions:
2020-06-17 16:12:52.474 ?[32mDEBUG?[m ?[35m4974?[m [    Test worker] ?[36mi.m.c.AbstractBeanContextConditional    ?[m : * Class [io.netty.channel.kqueue.KQueue] is not present
2020-06-17 16:12:52.474 ?[32mDEBUG?[m ?[35m4974?[m [    Test worker] ?[36mi.m.c.DefaultBeanContext                ?[m : Resolved bean candidates [Definition: io.micronaut.http.netty.channel.converters.DefaultChannelOptionFactory] for type: interface io.micronaut.http.netty.channel.converters.ChannelOptionFactory
2020-06-17 16:12:52.475 ?[32mDEBUG?[m ?[35m4974?[m [    Test worker] ?[36mi.m.c.DefaultApplicationContext         ?[m : Finalized bean definitions candidates: [Definition: io.micronaut.http.netty.channel.converters.DefaultChannelOptionFactory]
2020-06-17 16:12:52.475 ?[32mDEBUG?[m ?[35m4974?[m [    Test worker] ?[36mi.m.c.DefaultBeanContext                ?[m : Found concrete candidate [Definition: io.micronaut.http.netty.channel.converters.DefaultChannelOptionFactory] for type: io.micronaut.http.netty.channel.converters.ChannelOptionFactory 
2020-06-17 16:12:52.476 ?[32mDEBUG?[m ?[35m4974?[m [    Test worker] ?[36mi.m.c.DefaultBeanContext                ?[m : Created bean [io.micronaut.http.netty.channel.converters.DefaultChannelOptionFactory@40eaea7e] from definition [Definition: io.micronaut.http.netty.channel.converters.DefaultChannelOptionFactory] with qualifier [null]
2020-06-17 16:12:52.477 ?[32mDEBUG?[m ?[35m4974?[m [    Test worker] ?[36mi.m.c.DefaultBeanContext                ?[m : Registering singleton bean io.micronaut.http.netty.channel.converters.DefaultChannelOptionFactory@40eaea7e for type [io.micronaut.http.netty.channel.converters.ChannelOptionFactory] using bean key io.micronaut.http.netty.channel.converters.DefaultChannelOptionFactory
2020-06-17 16:12:52.478 ?[32mDEBUG?[m ?[35m4974?[m [    Test worker] ?[36mi.m.c.DefaultBeanContext                ?[m : Created bean [io.micronaut.http.server.netty.converters.NettyConverters@7a19833d] from definition [Definition: io.micronaut.http.server.netty.converters.NettyConverters] with qualifier [null]
2020-06-17 16:12:52.478 ?[32mDEBUG?[m ?[35m4974?[m [    Test worker] ?[36mi.m.c.DefaultBeanContext                ?[m : Registering singleton bean io.micronaut.http.server.netty.converters.NettyConverters@7a19833d for type [io.micronaut.core.convert.TypeConverterRegistrar] using bean key io.micronaut.http.server.netty.converters.NettyConverters
2020-06-17 16:12:52.479 ?[32mDEBUG?[m ?[35m4974?[m [    Test worker] ?[36mi.m.c.DefaultBeanContext                ?[m : Created bean [io.micronaut.reactive.rxjava2.converters.RxJavaConverterRegistrar@2cdd221f] from definition [Definition: io.micronaut.reactive.rxjava2.converters.RxJavaConverterRegistrar] with qualifier [null]
2020-06-17 16:12:52.480 ?[32mDEBUG?[m ?[35m4974?[m [    Test worker] ?[36mi.m.c.DefaultBeanContext                ?[m : Registering singleton bean io.micronaut.reactive.rxjava2.converters.RxJavaConverterRegistrar@2cdd221f for type [io.micronaut.core.convert.TypeConverterRegistrar] using bean key io.micronaut.reactive.rxjava2.converters.RxJavaConverterRegistrar
2020-06-17 16:12:52.481 ?[34mTRACE?[m ?[35m4974?[m [    Test worker] ?[36mi.m.c.DefaultBeanContext                ?[m : Looking up existing bean for key: io.micronaut.core.io.ResourceResolver
2020-06-17 16:12:52.481 ?[34mTRACE?[m ?[35m4974?[m [    Test worker] ?[36mi.m.c.DefaultBeanContext                ?[m : No existing bean found for bean key: io.micronaut.core.io.ResourceResolver
2020-06-17 16:12:52.482 ?[32mDEBUG?[m ?[35m4974?[m [    Test worker] ?[36mi.m.c.DefaultBeanContext                ?[m : Finding candidate beans for type: class io.micronaut.core.io.ResourceResolver
2020-06-17 16:12:52.483 ?[32mDEBUG?[m ?[35m4974?[m [    Test worker] ?[36mi.m.c.DefaultBeanContext                ?[m : Resolved bean candidates [Definition: io.micronaut.http.resource.ResourceLoaderFactory] for type: class io.micronaut.core.io.ResourceResolver
2020-06-17 16:12:52.483 ?[32mDEBUG?[m ?[35m4974?[m [    Test worker] ?[36mi.m.c.DefaultApplicationContext         ?[m : Finalized bean definitions candidates: [Definition: io.micronaut.http.resource.ResourceLoaderFactory]
2020-06-17 16:12:52.484 ?[32mDEBUG?[m ?[35m4974?[m [    Test worker] ?[36mi.m.c.DefaultBeanContext                ?[m : Found concrete candidate [Definition: io.micronaut.http.resource.ResourceLoaderFactory] for type: io.micronaut.core.io.ResourceResolver 
2020-06-17 16:12:52.485 ?[34mTRACE?[m ?[35m4974?[m [    Test worker] ?[36mi.m.c.DefaultBeanContext                ?[m : Looking up existing bean for key: io.micronaut.http.resource.ResourceLoaderFactory
2020-06-17 16:12:52.485 ?[34mTRACE?[m ?[35m4974?[m [    Test worker] ?[36mi.m.c.DefaultBeanContext                ?[m : No existing bean found for bean key: io.micronaut.http.resource.ResourceLoaderFactory
2020-06-17 16:12:52.486 ?[32mDEBUG?[m ?[35m4974?[m [    Test worker] ?[36mi.m.c.DefaultBeanContext                ?[m : Finding candidate beans for type: class io.micronaut.http.resource.ResourceLoaderFactory
2020-06-17 16:12:52.487 ?[32mDEBUG?[m ?[35m4974?[m [    Test worker] ?[36mi.m.c.DefaultBeanContext                ?[m : Resolved bean candidates [Definition: io.micronaut.http.resource.ResourceLoaderFactory] for type: class io.micronaut.http.resource.ResourceLoaderFactory
2020-06-17 16:12:52.488 ?[32mDEBUG?[m ?[35m4974?[m [    Test worker] ?[36mi.m.c.DefaultApplicationContext         ?[m : Finalized bean definitions candidates: [Definition: io.micronaut.http.resource.ResourceLoaderFactory]
2020-06-17 16:12:52.488 ?[32mDEBUG?[m ?[35m4974?[m [    Test worker] ?[36mi.m.c.DefaultBeanContext                ?[m : Found concrete candidate [Definition: io.micronaut.http.resource.ResourceLoaderFactory] for type: io.micronaut.http.resource.ResourceLoaderFactory 
2020-06-17 16:12:52.489 ?[34mTRACE?[m ?[35m4974?[m [    Test worker] ?[36mi.m.c.DefaultBeanContext                ?[m : Looking up existing bean for key: io.micronaut.context.env.Environment
2020-06-17 16:12:52.490 ?[32mDEBUG?[m ?[35m4974?[m [    Test worker] ?[36mi.m.c.DefaultBeanContext                ?[m : Resolved existing bean [io.micronaut.context.DefaultApplicationContext$RuntimeConfiguredEnvironment@32a2a941] for type [interface io.micronaut.context.env.Environment] and qualifier [null]
2020-06-17 16:12:52.491 ?[32mDEBUG?[m ?[35m4974?[m [    Test worker] ?[36mi.m.c.DefaultBeanContext                ?[m : Created bean [io.micronaut.http.resource.ResourceLoaderFactory@27f4f6c] from definition [Definition: io.micronaut.http.resource.ResourceLoaderFactory] with qualifier [null]
2020-06-17 16:12:52.491 ?[32mDEBUG?[m ?[35m4974?[m [    Test worker] ?[36mi.m.c.DefaultBeanContext                ?[m : Registering singleton bean io.micronaut.http.resource.ResourceLoaderFactory@27f4f6c for type [io.micronaut.http.resource.ResourceLoaderFactory] using bean key io.micronaut.http.resource.ResourceLoaderFactory
2020-06-17 16:12:52.492 ?[32mDEBUG?[m ?[35m4974?[m [    Test worker] ?[36mi.m.c.DefaultBeanContext                ?[m : Resolving beans for type: io.micronaut.core.io.ResourceLoader
2020-06-17 16:12:52.492 ?[34mTRACE?[m ?[35m4974?[m [    Test worker] ?[36mi.m.c.DefaultBeanContext                ?[m : Looking up existing beans for key: io.micronaut.core.io.ResourceLoader
2020-06-17 16:12:52.493 ?[34mTRACE?[m ?[35m4974?[m [    Test worker] ?[36mi.m.c.DefaultBeanContext                ?[m : No beans found for key: io.micronaut.core.io.ResourceLoader
2020-06-17 16:12:52.493 ?[32mDEBUG?[m ?[35m4974?[m [    Test worker] ?[36mi.m.c.DefaultBeanContext                ?[m : Finding candidate beans for type: interface io.micronaut.core.io.ResourceLoader
2020-06-17 16:12:52.495 ?[32mDEBUG?[m ?[35m4974?[m [    Test worker] ?[36mi.m.c.DefaultBeanContext                ?[m : Resolved bean candidates [io.micronaut.context.DefaultBeanContext$NoInjectionBeanDefinition@1c5d4468, Definition: io.micronaut.http.resource.ResourceLoaderFactory, Definition: io.micronaut.http.resource.ResourceLoaderFactory] for type: interface io.micronaut.core.io.ResourceLoader
2020-06-17 16:12:52.495 ?[32mDEBUG?[m ?[35m4974?[m [    Test worker] ?[36mi.m.c.DefaultApplicationContext         ?[m : Finalized bean definitions candidates: [io.micronaut.context.DefaultBeanContext$NoInjectionBeanDefinition@1c5d4468, Definition: io.micronaut.http.resource.ResourceLoaderFactory, Definition: io.micronaut.http.resource.ResourceLoaderFactory]
2020-06-17 16:12:52.496 ?[34mTRACE?[m ?[35m4974?[m [    Test worker] ?[36mi.m.c.DefaultBeanContext                ?[m : Looking up existing bean for key: io.micronaut.http.resource.ResourceLoaderFactory
2020-06-17 16:12:52.497 ?[32mDEBUG?[m ?[35m4974?[m [    Test worker] ?[36mi.m.c.DefaultBeanContext                ?[m : Resolved existing bean [io.micronaut.http.resource.ResourceLoaderFactory@27f4f6c] for type [class io.micronaut.http.resource.ResourceLoaderFactory] and qualifier [null]
2020-06-17 16:12:52.498 ?[32mDEBUG?[m ?[35m4974?[m [    Test worker] ?[36mi.m.c.DefaultBeanContext                ?[m : Created bean [io.micronaut.core.io.scan.DefaultClassPathResourceLoader@608b2d54] from definition [Definition: io.micronaut.http.resource.ResourceLoaderFactory] with qualifier [null]
2020-06-17 16:12:52.498 ?[32mDEBUG?[m ?[35m4974?[m [    Test worker] ?[36mi.m.c.DefaultBeanContext                ?[m : Registering singleton bean io.micronaut.core.io.scan.DefaultClassPathResourceLoader@608b2d54 for type [io.micronaut.core.io.ResourceLoader] using bean key io.micronaut.core.io.scan.ClassPathResourceLoader
2020-06-17 16:12:52.499 ?[34mTRACE?[m ?[35m4974?[m [    Test worker] ?[36mi.m.c.DefaultBeanContext                ?[m : Looking up existing bean for key: io.micronaut.http.resource.ResourceLoaderFactory
2020-06-17 16:12:52.500 ?[32mDEBUG?[m ?[35m4974?[m [    Test worker] ?[36mi.m.c.DefaultBeanContext                ?[m : Resolved existing bean [io.micronaut.http.resource.ResourceLoaderFactory@27f4f6c] for type [class io.micronaut.http.resource.ResourceLoaderFactory] and qualifier [null]
2020-06-17 16:12:52.501 ?[32mDEBUG?[m ?[35m4974?[m [    Test worker] ?[36mi.m.c.DefaultBeanContext                ?[m : Created bean [io.micronaut.core.io.file.DefaultFileSystemResourceLoader@5cead2ed] from definition [Definition: io.micronaut.http.resource.ResourceLoaderFactory] with qualifier [null]
2020-06-17 16:12:52.502 ?[32mDEBUG?[m ?[35m4974?[m [    Test worker] ?[36mi.m.c.DefaultBeanContext                ?[m : Registering singleton bean io.micronaut.core.io.file.DefaultFileSystemResourceLoader@5cead2ed for type [io.micronaut.core.io.ResourceLoader] using bean key io.micronaut.core.io.file.FileSystemResourceLoader
2020-06-17 16:12:52.502 ?[32mDEBUG?[m ?[35m4974?[m [    Test worker] ?[36mi.m.c.DefaultBeanContext                ?[m : Found 3 beans for type [io.micronaut.core.io.ResourceLoader]: [io.micronaut.context.DefaultApplicationContext$RuntimeConfiguredEnvironment@32a2a941, io.micronaut.core.io.scan.DefaultClassPathResourceLoader@608b2d54, io.micronaut.core.io.file.DefaultFileSystemResourceLoader@5cead2ed] 
2020-06-17 16:12:52.503 ?[32mDEBUG?[m ?[35m4974?[m [    Test worker] ?[36mi.m.c.DefaultBeanContext                ?[m : Created bean [io.micronaut.core.io.ResourceResolver@68b8474f] from definition [Definition: io.micronaut.http.resource.ResourceLoaderFactory] with qualifier [null]
2020-06-17 16:12:52.503 ?[32mDEBUG?[m ?[35m4974?[m [    Test worker] ?[36mi.m.c.DefaultBeanContext                ?[m : Registering singleton bean io.micronaut.core.io.ResourceResolver@68b8474f for type [io.micronaut.core.io.ResourceResolver] using bean key io.micronaut.core.io.ResourceResolver
2020-06-17 16:12:52.504 ?[32mDEBUG?[m ?[35m4974?[m [    Test worker] ?[36mi.m.c.DefaultBeanContext                ?[m : Created bean [io.micronaut.http.converters.HttpConverterRegistrar@5156b388] from definition [Definition: io.micronaut.http.converters.HttpConverterRegistrar] with qualifier [null]
2020-06-17 16:12:52.504 ?[32mDEBUG?[m ?[35m4974?[m [    Test worker] ?[36mi.m.c.DefaultBeanContext                ?[m : Registering singleton bean io.micronaut.http.converters.HttpConverterRegistrar@5156b388 for type [io.micronaut.core.convert.TypeConverterRegistrar] using bean key io.micronaut.http.converters.HttpConverterRegistrar
2020-06-17 16:12:52.505 ?[32mDEBUG?[m ?[35m4974?[m [    Test worker] ?[36mi.m.c.DefaultBeanContext                ?[m : Created bean [io.micronaut.http.client.loadbalance.LoadBalancerConverters@56c1ffc1] from definition [Definition: io.micronaut.http.client.loadbalance.LoadBalancerConverters] with qualifier [null]
2020-06-17 16:12:52.506 ?[32mDEBUG?[m ?[35m4974?[m [    Test worker] ?[36mi.m.c.DefaultBeanContext                ?[m : Registering singleton bean io.micronaut.http.client.loadbalance.LoadBalancerConverters@56c1ffc1 for type [io.micronaut.core.convert.TypeConverterRegistrar] using bean key io.micronaut.http.client.loadbalance.LoadBalancerConverters
2020-06-17 16:12:52.506 ?[32mDEBUG?[m ?[35m4974?[m [    Test worker] ?[36mi.m.c.DefaultBeanContext                ?[m : Found 6 beans for type [io.micronaut.core.convert.TypeConverterRegistrar]: [io.micronaut.http.client.loadbalance.LoadBalancerConverters@56c1ffc1, io.micronaut.reactive.rxjava2.converters.RxJavaConverterRegistrar@2cdd221f, io.micronaut.jackson.convert.JacksonConverterRegistrar@15755f01, io.micronaut.http.server.netty.converters.NettyConverters@7a19833d, io.micronaut.http.converters.HttpConverterRegistrar@5156b388, io.micronaut.runtime.converters.time.TimeConverterRegistrar@61b76c30] 
2020-06-17 16:12:52.691 ?[32mDEBUG?[m ?[35m4974?[m [    Test worker] ?[36mi.m.c.AbstractBeanContextConditional    ?[m : Bean [io.micronaut.logging.$PropertiesLoggingLevelsConfigurerDefinition] will not be loaded due to failing conditions:
2020-06-17 16:12:52.692 ?[32mDEBUG?[m ?[35m4974?[m [    Test worker] ?[36mi.m.c.AbstractBeanContextConditional    ?[m : * Required property [logger.levels] with value [null] not present
2020-06-17 16:12:52.693 ?[32mDEBUG?[m ?[35m4974?[m [    Test worker] ?[36mi.m.c.DefaultBeanContext                ?[m : Resolving beans for type: io.micronaut.scheduling.instrument.ReactiveInvocationInstrumenterFactory
2020-06-17 16:12:52.694 ?[34mTRACE?[m ?[35m4974?[m [    Test worker] ?[36mi.m.c.DefaultBeanContext                ?[m : Looking up existing beans for key: io.micronaut.scheduling.instrument.ReactiveInvocationInstrumenterFactory
2020-06-17 16:12:52.694 ?[34mTRACE?[m ?[35m4974?[m [    Test worker] ?[36mi.m.c.DefaultBeanContext                ?[m : No beans found for key: io.micronaut.scheduling.instrument.ReactiveInvocationInstrumenterFactory
2020-06-17 16:12:52.695 ?[32mDEBUG?[m ?[35m4974?[m [    Test worker] ?[36mi.m.c.DefaultBeanContext                ?[m : Finding candidate beans for type: interface io.micronaut.scheduling.instrument.ReactiveInvocationInstrumenterFactory
2020-06-17 16:12:52.695 ?[32mDEBUG?[m ?[35m4974?[m [    Test worker] ?[36mi.m.c.DefaultBeanContext                ?[m : Resolved bean candidates [Definition: io.micronaut.http.server.context.ServerRequestContextInstrumentation] for type: interface io.micronaut.scheduling.instrument.ReactiveInvocationInstrumenterFactory
2020-06-17 16:12:52.696 ?[32mDEBUG?[m ?[35m4974?[m [    Test worker] ?[36mi.m.c.DefaultApplicationContext         ?[m : Finalized bean definitions candidates: [Definition: io.micronaut.http.server.context.ServerRequestContextInstrumentation]
2020-06-17 16:12:52.698 ?[32mDEBUG?[m ?[35m4974?[m [    Test worker] ?[36mi.m.c.DefaultBeanContext                ?[m : Registering singleton bean io.micronaut.http.server.context.ServerRequestContextInstrumentation@232efcf5 for type [io.micronaut.scheduling.instrument.ReactiveInvocationInstrumenterFactory] using bean key io.micronaut.http.server.context.ServerRequestContextInstrumentation
2020-06-17 16:12:52.699 ?[32mDEBUG?[m ?[35m4974?[m [    Test worker] ?[36mi.m.c.DefaultBeanContext                ?[m : Found 1 beans for type [io.micronaut.scheduling.instrument.ReactiveInvocationInstrumenterFactory]: [io.micronaut.http.server.context.ServerRequestContextInstrumentation@232efcf5] 
2020-06-17 16:12:52.700 ?[32mDEBUG?[m ?[35m4974?[m [    Test worker] ?[36mi.m.c.DefaultBeanContext                ?[m : Created bean [io.micronaut.reactive.rxjava2.RxInstrumenterFactory@5542c13] from definition [Definition: io.micronaut.reactive.rxjava2.RxInstrumenterFactory] with qualifier [null]
2020-06-17 16:12:52.701 ?[32mDEBUG?[m ?[35m4974?[m [    Test worker] ?[36mi.m.c.DefaultBeanContext                ?[m : Registering singleton bean io.micronaut.reactive.rxjava2.RxInstrumenterFactory@5542c13 for type [io.micronaut.reactive.rxjava2.RxInstrumenterFactory] using bean key io.micronaut.reactive.rxjava2.RxInstrumenterFactory
2020-06-17 16:12:52.702 ?[34mTRACE?[m ?[35m4974?[m [    Test worker] ?[36mi.m.c.DefaultBeanContext                ?[m : Looking up existing bean for key: io.micronaut.reactive.rxjava2.RxInstrumenterFactory
2020-06-17 16:12:52.702 ?[32mDEBUG?[m ?[35m4974?[m [    Test worker] ?[36mi.m.c.DefaultBeanContext                ?[m : Resolved existing bean [io.micronaut.reactive.rxjava2.RxInstrumenterFactory@5542c13] for type [class io.micronaut.reactive.rxjava2.RxInstrumenterFactory] and qualifier [null]
2020-06-17 16:12:52.718 ?[32mDEBUG?[m ?[35m4974?[m [    Test worker] ?[36mi.m.c.DefaultBeanContext                ?[m : Created bean [io.micronaut.reactive.rxjava2.RxJava2Instrumentation@336ab28] from definition [Definition: io.micronaut.reactive.rxjava2.RxJava2Instrumentation] with qualifier [null]
2020-06-17 16:12:52.719 ?[32mDEBUG?[m ?[35m4974?[m [    Test worker] ?[36mi.m.c.DefaultBeanContext                ?[m : Registering singleton bean io.micronaut.reactive.rxjava2.RxJava2Instrumentation@336ab28 for type [io.micronaut.reactive.rxjava2.RxJava2Instrumentation] using bean key io.micronaut.reactive.rxjava2.RxJava2Instrumentation
2020-06-17 16:12:52.722 ?[32mDEBUG?[m ?[35m4974?[m [    Test worker] ?[36mi.m.c.AbstractBeanContextConditional    ?[m : Bean [io.micronaut.management.health.monitor.$HealthMonitorTaskDefinition] will not be loaded due to failing conditions:
2020-06-17 16:12:52.723 ?[32mDEBUG?[m ?[35m4974?[m [    Test worker] ?[36mi.m.c.AbstractBeanContextConditional    ?[m : * Required property [micronaut.application.name] with value [null] not present
2020-06-17 16:12:52.724 ?[32mDEBUG?[m ?[35m4974?[m [    Test worker] ?[36mi.m.c.AbstractBeanContextConditional    ?[m : Bean [io.micronaut.health.$HeartbeatTaskDefinition] will not be loaded due to failing conditions:
2020-06-17 16:12:52.725 ?[32mDEBUG?[m ?[35m4974?[m [    Test worker] ?[36mi.m.c.AbstractBeanContextConditional    ?[m : * Required property [micronaut.application.name] with value [null] not present
2020-06-17 16:12:52.726 ?[32mDEBUG?[m ?[35m4974?[m [    Test worker] ?[36mi.m.c.AbstractBeanContextConditional    ?[m : Bean [io.micronaut.scheduling.io.watch.$DefaultWatchThreadDefinition] will not be loaded due to failing conditions:
2020-06-17 16:12:52.727 ?[32mDEBUG?[m ?[35m4974?[m [    Test worker] ?[36mi.m.c.AbstractBeanContextConditional    ?[m : * Required property [micronaut.io.watch.paths] with value [null] not present
2020-06-17 16:12:52.729 ?[32mDEBUG?[m ?[35m4974?[m [    Test worker] ?[36mi.m.c.AbstractBeanContextConditional    ?[m : Configuration: io.micronaut.http.server.cors will not be loaded due to failing conditions:
2020-06-17 16:12:52.729 ?[32mDEBUG?[m ?[35m4974?[m [    Test worker] ?[36mi.m.c.AbstractBeanContextConditional    ?[m : * Required property [micronaut.server.cors.enabled] with value [true] not present
2020-06-17 16:12:52.729 ?[32mDEBUG?[m ?[35m4974?[m [onPool-worker-9] ?[36mi.m.c.AbstractBeanContextConditional    ?[m : Bean [io.micronaut.management.health.monitor.$HealthMonitorTaskDefinition] will not be loaded due to failing conditions:
2020-06-17 16:12:52.731 ?[32mDEBUG?[m ?[35m4974?[m [onPool-worker-9] ?[36mi.m.c.AbstractBeanContextConditional    ?[m : * Required property [micronaut.application.name] with value [null] not present
2020-06-17 16:12:52.731 ?[32mDEBUG?[m ?[35m4974?[m [    Test worker] ?[36mi.m.c.DefaultBeanContext                ?[m : Loaded active configurations: io.micronaut.jackson,io.micronaut.management.endpoint
2020-06-17 16:12:52.731 ?[32mDEBUG?[m ?[35m4974?[m [    Test worker] ?[36mi.m.c.DefaultBeanContext                ?[m : BeanContext Started.
2020-06-17 16:12:52.731 ?[32mDEBUG?[m ?[35m4974?[m [onPool-worker-9] ?[36mi.m.c.AbstractBeanContextConditional    ?[m : Bean [io.micronaut.management.endpoint.loggers.impl.$LogbackLoggingSystemDefinition] will not be loaded due to failing conditions:
2020-06-17 16:12:52.732 ?[32mDEBUG?[m ?[35m4974?[m [onPool-worker-9] ?[36mi.m.c.AbstractBeanContextConditional    ?[m : * Class [ch.qos.logback.classic.LoggerContext] is not present
2020-06-17 16:12:52.732 ?[32mDEBUG?[m ?[35m4974?[m [onPool-worker-9] ?[36mi.m.c.AbstractBeanContextConditional    ?[m : Bean [io.micronaut.management.health.indicator.jdbc.$JdbcIndicatorDefinition] will not be loaded due to failing conditions:
2020-06-17 16:12:52.733 ?[32mDEBUG?[m ?[35m4974?[m [onPool-worker-9] ?[36mi.m.c.AbstractBeanContextConditional    ?[m : * Class [io.micronaut.jdbc.DataSourceResolver] is not present
2020-06-17 16:12:52.733 ?[32mDEBUG?[m ?[35m4974?[m [    Test worker] ?[36mi.m.c.DefaultBeanContext                ?[m : Publishing event: io.micronaut.context.event.StartupEvent[source=io.micronaut.context.DefaultApplicationContext@52fc460f]
2020-06-17 16:12:52.737 ?[32mDEBUG?[m ?[35m4974?[m [onPool-worker-9] ?[36mi.m.c.AbstractBeanContextConditional    ?[m : Bean [io.micronaut.http.server.netty.ssl.$CertificateProvidedSslBuilderDefinition] will not be loaded due to failing conditions:
2020-06-17 16:12:52.737 ?[32mDEBUG?[m ?[35m4974?[m [    Test worker] ?[36mi.m.c.DefaultBeanContext                ?[m : Resolving beans for type: <StartupEvent> io.micronaut.context.event.ApplicationEventListener 
2020-06-17 16:12:52.737 ?[32mDEBUG?[m ?[35m4974?[m [onPool-worker-9] ?[36mi.m.c.AbstractBeanContextConditional    ?[m : * Property [micronaut.ssl.enabled] with value [false] does not equal required value: true
2020-06-17 16:12:52.737 ?[32mDEBUG?[m ?[35m4974?[m [onPool-worker-9] ?[36mi.m.c.AbstractBeanContextConditional    ?[m : Bean [io.micronaut.http.server.netty.ssl.$SelfSignedSslBuilderDefinition] will not be loaded due to failing conditions:
2020-06-17 16:12:52.738 ?[32mDEBUG?[m ?[35m4974?[m [onPool-worker-9] ?[36mi.m.c.AbstractBeanContextConditional    ?[m : * Property [micronaut.ssl.enabled] with value [false] does not equal required value: true
2020-06-17 16:12:52.738 ?[32mDEBUG?[m ?[35m4974?[m [onPool-worker-9] ?[36mi.m.c.AbstractBeanContextConditional    ?[m : Bean [io.micronaut.http.server.netty.jackson.$JsonViewServerFilterDefinition] will not be loaded due to failing conditions:
2020-06-17 16:12:52.738 ?[34mTRACE?[m ?[35m4974?[m [    Test worker] ?[36mi.m.c.DefaultBeanContext                ?[m : Looking up existing beans for key: <StartupEvent> io.micronaut.context.event.ApplicationEventListener
2020-06-17 16:12:52.738 ?[32mDEBUG?[m ?[35m4974?[m [onPool-worker-9] ?[36mi.m.c.AbstractBeanContextConditional    ?[m : * Required property [jackson.json-view.enabled] with value [null] not present
2020-06-17 16:12:52.739 ?[32mDEBUG?[m ?[35m4974?[m [onPool-worker-9] ?[36mi.m.c.AbstractBeanContextConditional    ?[m : Bean [io.micronaut.http.server.netty.jackson.$JsonViewMediaTypeCodecFactoryDefinition] will not be loaded due to failing conditions:
2020-06-17 16:12:52.739 ?[32mDEBUG?[m ?[35m4974?[m [onPool-worker-9] ?[36mi.m.c.AbstractBeanContextConditional    ?[m : * Required property [jackson.json-view.enabled] with value [null] not present
2020-06-17 16:12:52.739 ?[32mDEBUG?[m ?[35m4974?[m [onPool-worker-9] ?[36mi.m.c.AbstractBeanContextConditional    ?[m : Bean [io.micronaut.test.transaction.spring.$SpringTestTransactionInterceptorDefinition] will not be loaded due to failing conditions:
2020-06-17 16:12:52.739 ?[32mDEBUG?[m ?[35m4974?[m [onPool-worker-9] ?[36mi.m.c.AbstractBeanContextConditional    ?[m : * Class [org.springframework.transaction.PlatformTransactionManager] is not present
2020-06-17 16:12:52.740 ?[32mDEBUG?[m ?[35m4974?[m [onPool-worker-9] ?[36mi.m.c.AbstractBeanContextConditional    ?[m : Bean [io.micronaut.scheduling.io.watch.$DefaultWatchThreadDefinition] will not be loaded due to failing conditions:
2020-06-17 16:12:52.740 ?[34mTRACE?[m ?[35m4974?[m [    Test worker] ?[36mi.m.c.DefaultBeanContext                ?[m : No beans found for key: <StartupEvent> io.micronaut.context.event.ApplicationEventListener
2020-06-17 16:12:52.740 ?[32mDEBUG?[m ?[35m4974?[m [onPool-worker-9] ?[36mi.m.c.AbstractBeanContextConditional    ?[m : * Required property [micronaut.io.watch.paths] with value [null] not present
2020-06-17 16:12:52.740 ?[32mDEBUG?[m ?[35m4974?[m [    Test worker] ?[36mi.m.c.DefaultBeanContext                ?[m : Finding candidate beans for type: interface io.micronaut.context.event.ApplicationEventListener
2020-06-17 16:12:52.742 ?[32mDEBUG?[m ?[35m4974?[m [onPool-worker-9] ?[36mi.m.c.AbstractBeanContextConditional    ?[m : Bean [io.micronaut.discovery.cloud.oraclecloud.$OracleCloudMetadataConfigurationDefinition] will not be loaded due to failing conditions:
2020-06-17 16:12:52.742 ?[32mDEBUG?[m ?[35m4974?[m [onPool-worker-9] ?[36mi.m.c.AbstractBeanContextConditional    ?[m : * None of the required environments [oraclecloud] are active: [test]
2020-06-17 16:12:52.744 ?[32mDEBUG?[m ?[35m4974?[m [    Test worker] ?[36mi.m.c.AbstractBeanContextConditional    ?[m : Bean [io.micronaut.health.$HeartbeatTaskDefinition] will not be loaded due to failing conditions:
2020-06-17 16:12:52.744 ?[32mDEBUG?[m ?[35m4974?[m [    Test worker] ?[36mi.m.c.AbstractBeanContextConditional    ?[m : * Required property [micronaut.application.name] with value [null] not present
2020-06-17 16:12:52.745 ?[32mDEBUG?[m ?[35m4974?[m [onPool-worker-9] ?[36mi.m.c.AbstractBeanContextConditional    ?[m : Bean [io.micronaut.scheduling.io.watch.$FileWatchConfigurationDefinition] will not be loaded due to failing conditions:
[...]
2020-06-17 16:12:55.980 ?[32mDEBUG?[m ?[35m4974?[m [    Test worker] ?[36mi.m.c.DefaultBeanContext                ?[m : Destroying bean [io.micronaut.http.ssl.ClientSslConfiguration@1411dc97] with identifier [io.micronaut.http.ssl.ClientSslConfiguration]
2020-06-17 16:12:55.980 ?[32mDEBUG?[m ?[35m4974?[m [    Test worker] ?[36mi.m.c.DefaultBeanContext                ?[m : Destroying bean [io.micronaut.http.server.netty.binders.NettyBinderRegistrar@11a54be6] with identifier [io.micronaut.http.server.netty.binders.NettyBinderRegistrar]
2020-06-17 16:12:55.980 ?[32mDEBUG?[m ?[35m4974?[m [    Test worker] ?[36mi.m.c.DefaultBeanContext                ?[m : Destroying bean [io.micronaut.http.server.netty.types.files.FileTypeHandler@2029ddf5] with identifier [io.micronaut.http.server.netty.types.files.FileTypeHandler]
2020-06-17 16:12:55.980 ?[32mDEBUG?[m ?[35m4974?[m [    Test worker] ?[36mi.m.c.DefaultBeanContext                ?[m : Destroying bean [io.micronaut.http.server.netty.NettyRequestArgumentSatisfier@6a13dc7b] with identifier [io.micronaut.http.server.netty.NettyRequestArgumentSatisfier]
2020-06-17 16:12:55.981 ?[32mDEBUG?[m ?[35m4974?[m [    Test worker] ?[36mi.m.c.DefaultBeanContext                ?[m : Destroying bean [io.micronaut.http.server.netty.configuration.NettyHttpServerConfiguration@5b6975d0] with identifier [io.micronaut.http.server.netty.configuration.NettyHttpServerConfiguration]
2020-06-17 16:12:55.981 ?[32mDEBUG?[m ?[35m4974?[m [    Test worker] ?[36mi.m.c.DefaultBeanContext                ?[m : Destroying bean [io.micronaut.http.ssl.DefaultSslConfiguration@44a3768e] with identifier [io.micronaut.http.ssl.DefaultSslConfiguration]
2020-06-17 16:12:55.981 ?[32mDEBUG?[m ?[35m4974?[m [    Test worker] ?[36mi.m.c.DefaultBeanContext                ?[m : Destroying bean [io.micronaut.management.endpoint.EndpointSensitivityProcessor@12be9d83] with identifier [io.micronaut.management.endpoint.EndpointSensitivityProcessor]
2020-06-17 16:12:55.981 ?[32mDEBUG?[m ?[35m4974?[m [    Test worker] ?[36mi.m.c.DefaultBeanContext                ?[m : Destroying bean [io.micronaut.scheduling.instrument.ExecutorServiceInstrumenter$2@7a9cf4da] with identifier [@Named('io') java.util.concurrent.ExecutorService]
2020-06-17 16:12:55.982 ?[32mDEBUG?[m ?[35m4974?[m [    Test worker] ?[36mi.m.c.DefaultBeanContext                ?[m : Destroying bean [io.micronaut.http.client.netty.ssl.NettyClientSslBuilder@65cf65c4] with identifier [io.micronaut.http.client.netty.ssl.NettyClientSslBuilder]
2020-06-17 16:12:55.982 ?[32mDEBUG?[m ?[35m4974?[m [    Test worker] ?[36mi.m.c.DefaultBeanContext                ?[m : Destroying bean [io.micronaut.http.server.websocket.ServerWebSocketProcessor@2be833b9] with identifier [io.micronaut.http.server.websocket.ServerWebSocketProcessor]
2020-06-17 16:12:55.982 ?[32mDEBUG?[m ?[35m4974?[m [    Test worker] ?[36mi.m.c.DefaultBeanContext                ?[m : Destroying bean [io.micronaut.management.endpoint.processors.ReadEndpointRouteBuilder@5bf17558] with identifier [io.micronaut.management.endpoint.processors.ReadEndpointRouteBuilder]
2020-06-17 16:12:55.982 ?[32mDEBUG?[m ?[35m4974?[m [    Test worker] ?[36mi.m.c.DefaultBeanContext                ?[m : Destroying bean [io.micronaut.jackson.serialize.OptionalValuesSerializer@f5858f4] with identifier [io.micronaut.jackson.serialize.OptionalValuesSerializer]
2020-06-17 16:12:55.982 ?[32mDEBUG?[m ?[35m4974?[m [    Test worker] ?[36mi.m.c.DefaultBeanContext                ?[m : Destroying bean [io.micronaut.scheduling.executor.IOExecutorServiceConfig@734ec4] with identifier [io.micronaut.scheduling.executor.IOExecutorServiceConfig]
2020-06-17 16:12:55.983 ?[32mDEBUG?[m ?[35m4974?[m [    Test worker] ?[36mi.m.c.DefaultBeanContext                ?[m : Destroying bean [io.micronaut.management.endpoint.processors.WriteEndpointRouteBuilder@3878f1c1] with identifier [io.micronaut.management.endpoint.processors.WriteEndpointRouteBuilder]
2020-06-17 16:12:55.983 ?[32mDEBUG?[m ?[35m4974?[m [    Test worker] ?[36mi.m.c.DefaultBeanContext                ?[m : Destroying bean [io.micronaut.buffer.netty.NettyByteBufferFactory@1a3b73c] with identifier [io.micronaut.buffer.netty.NettyByteBufferFactory]
2020-06-17 16:12:55.983 ?[32mDEBUG?[m ?[35m4974?[m [    Test worker] ?[36mi.m.c.DefaultBeanContext                ?[m : Destroying bean [io.micronaut.jackson.codec.JsonStreamMediaTypeCodec@38d790] with identifier [@Named('json') io.micronaut.jackson.codec.JsonStreamMediaTypeCodec]
2020-06-17 16:12:55.983 ?[32mDEBUG?[m ?[35m4974?[m [    Test worker] ?[36mi.m.c.DefaultBeanContext                ?[m : Destroying bean [io.micronaut.reactive.rxjava2.RxInstrumenterFactory@5542c13] with identifier [io.micronaut.reactive.rxjava2.RxInstrumenterFactory]
2020-06-17 16:12:55.983 ?[32mDEBUG?[m ?[35m4974?[m [    Test worker] ?[36mi.m.c.DefaultBeanContext                ?[m : Destroying bean [io.netty.channel.nio.NioEventLoopGroup@517030de] with identifier [io.netty.channel.EventLoopGroup]
2020-06-17 16:12:55.986 ?[32mDEBUG?[m ?[35m4974?[m [    Test worker] ?[36mi.m.c.DefaultBeanContext                ?[m : Destroying bean [io.micronaut.scheduling.executor.ExecutorFactory@57fbb313] with identifier [io.micronaut.scheduling.executor.ExecutorFactory]
2020-06-17 16:12:55.986 ?[32mDEBUG?[m ?[35m4974?[m [    Test worker] ?[36mi.m.c.DefaultBeanContext                ?[m : Destroying bean [io.micronaut.jackson.convert.JacksonConverterRegistrar@15755f01] with identifier [io.micronaut.jackson.convert.JacksonConverterRegistrar]
2020-06-17 16:12:55.987 ?[32mDEBUG?[m ?[35m4974?[m [    Test worker] ?[36mi.m.c.DefaultBeanContext                ?[m : Destroying bean [io.micronaut.http.netty.channel.NioEventLoopGroupFactory@14191200] with identifier [io.micronaut.http.netty.channel.NioEventLoopGroupFactory]
2020-06-17 16:12:55.987 ?[32mDEBUG?[m ?[35m4974?[m [    Test worker] ?[36mi.m.c.DefaultBeanContext                ?[m : Destroying bean [io.micronaut.http.server.netty.DefaultHttpContentProcessorResolver@878fb6c] with identifier [io.micronaut.http.server.netty.DefaultHttpContentProcessorResolver]
2020-06-17 16:12:55.987 ?[32mDEBUG?[m ?[35m4974?[m [    Test worker] ?[36mi.m.c.DefaultBeanContext                ?[m : Destroying bean [io.micronaut.http.bind.DefaultRequestBinderRegistry@71fb227] with identifier [io.micronaut.http.bind.DefaultRequestBinderRegistry]
2020-06-17 16:12:55.987 ?[32mDEBUG?[m ?[35m4974?[m [    Test worker] ?[36mi.m.c.DefaultBeanContext                ?[m : Destroying bean [io.micronaut.web.router.AnnotatedMethodRouteBuilder@3ef98492] with identifier [io.micronaut.web.router.AnnotatedMethodRouteBuilder]
2020-06-17 16:12:55.987 ?[32mDEBUG?[m ?[35m4974?[m [    Test worker] ?[36mi.m.c.DefaultBeanContext                ?[m : Destroying bean [io.micronaut.context.DefaultApplicationContext$RuntimeConfiguredEnvironment@32a2a941] with identifier [io.micronaut.context.DefaultApplicationContext$RuntimeConfiguredEnvironment]
2020-06-17 16:12:55.988 ?[32mDEBUG?[m ?[35m4974?[m [    Test worker] ?[36mi.m.c.DefaultBeanContext                ?[m : Destroying bean [io.micronaut.jackson.serialize.ConvertibleMultiValuesSerializer@50d02d2d] with identifier [io.micronaut.jackson.serialize.ConvertibleMultiValuesSerializer]
2020-06-17 16:12:55.988 ?[32mDEBUG?[m ?[35m4974?[m [    Test worker] ?[36mi.m.c.DefaultBeanContext                ?[m : Destroying bean [io.micronaut.jackson.codec.JsonMediaTypeCodec@28bd22c7] with identifier [@Named('json') io.micronaut.jackson.codec.JsonMediaTypeCodec]
2020-06-17 16:12:55.988 ?[32mDEBUG?[m ?[35m4974?[m [    Test worker] ?[36mi.m.c.DefaultBeanContext                ?[m : Destroying bean [io.micronaut.runtime.ApplicationConfiguration@4ac494fc] with identifier [io.micronaut.runtime.ApplicationConfiguration]
2020-06-17 16:12:55.989 ?[32mDEBUG?[m ?[35m4974?[m [    Test worker] ?[36mi.m.c.DefaultBeanContext                ?[m : Destroying bean [io.micronaut.scheduling.executor.UserExecutorConfiguration@50a7e022] with identifier [@Named('io') io.micronaut.scheduling.executor.ExecutorConfiguration]
2020-06-17 16:12:55.989 ?[32mDEBUG?[m ?[35m4974?[m [    Test worker] ?[36mi.m.c.DefaultBeanContext                ?[m : Destroying bean [io.micronaut.management.endpoint.EndpointConfiguration@23daa8c] with identifier [@Named('all') io.micronaut.management.endpoint.EndpointConfiguration]
2020-06-17 16:12:55.989 ?[32mDEBUG?[m ?[35m4974?[m [    Test worker] ?[36mi.m.c.DefaultBeanContext                ?[m : Destroying bean [io.micronaut.core.io.file.DefaultFileSystemResourceLoader@5cead2ed] with identifier [io.micronaut.core.io.file.FileSystemResourceLoader]
2020-06-17 16:12:55.990 ?[32mDEBUG?[m ?[35m4974?[m [    Test worker] ?[36mi.m.c.DefaultBeanContext                ?[m : Destroying bean [io.micronaut.http.ssl.DefaultSslConfiguration$DefaultKeyStoreConfiguration@1dec0936] with identifier [io.micronaut.http.ssl.DefaultSslConfiguration$DefaultKeyStoreConfiguration]
2020-06-17 16:12:55.990 ?[32mDEBUG?[m ?[35m4974?[m [    Test worker] ?[36mi.m.c.DefaultBeanContext                ?[m : Destroying bean [io.micronaut.http.ssl.DefaultSslConfiguration$DefaultTrustStoreConfiguration@11e4cce2] with identifier [io.micronaut.http.ssl.DefaultSslConfiguration$DefaultTrustStoreConfiguration]
2020-06-17 16:12:55.990 ?[32mDEBUG?[m ?[35m4974?[m [    Test worker] ?[36mi.m.c.DefaultBeanContext                ?[m : Destroying bean [io.micronaut.web.router.resource.StaticResourceResolver@32d66722] with identifier [io.micronaut.web.router.resource.StaticResourceResolver]
2020-06-17 16:12:55.990 ?[32mDEBUG?[m ?[35m4974?[m [    Test worker] ?[36mi.m.c.DefaultBeanContext                ?[m : Destroying bean [io.micronaut.web.router.naming.HyphenatedUriNamingStrategy@543d8a6c] with identifier [io.micronaut.web.router.naming.HyphenatedUriNamingStrategy]
2020-06-17 16:12:55.990 ?[32mDEBUG?[m ?[35m4974?[m [    Test worker] ?[36mi.m.c.DefaultBeanContext                ?[m : Destroying bean [io.micronaut.runtime.http.codec.TextPlainCodec@4135b257] with identifier [io.micronaut.runtime.http.codec.TextPlainCodec]
2020-06-17 16:12:55.991 ?[32mDEBUG?[m ?[35m4974?[m [    Test worker] ?[36mi.m.c.DefaultBeanContext                ?[m : Destroying bean [io.micronaut.jackson.ObjectMapperFactory@4689d098] with identifier [io.micronaut.jackson.ObjectMapperFactory]
2020-06-17 16:12:55.991 ?[32mDEBUG?[m ?[35m4974?[m [    Test worker] ?[36mi.m.c.DefaultBeanContext                ?[m : Destroying bean [io.micronaut.http.ssl.DefaultSslConfiguration$DefaultKeyConfiguration@52745eaa] with identifier [io.micronaut.http.ssl.DefaultSslConfiguration$DefaultKeyConfiguration]
2020-06-17 16:12:55.991 ?[32mDEBUG?[m ?[35m4974?[m [    Test worker] ?[36mi.m.c.DefaultBeanContext                ?[m : Destroying bean [io.micronaut.web.router.DefaultRouter@7f2068c1] with identifier [io.micronaut.web.router.DefaultRouter]
2020-06-17 16:12:55.991 ?[32mDEBUG?[m ?[35m4974?[m [    Test worker] ?[36mi.m.c.DefaultBeanContext                ?[m : Destroying bean [io.micronaut.http.server.netty.types.files.FileTypeHandlerConfiguration@25120374] with identifier [io.micronaut.http.server.netty.types.files.FileTypeHandlerConfiguration]
2020-06-17 16:12:55.991 ?[32mDEBUG?[m ?[35m4974?[m [    Test worker] ?[36mi.m.c.DefaultBeanContext                ?[m : Destroying bean [io.micronaut.http.converters.HttpConverterRegistrar@5156b388] with identifier [io.micronaut.http.converters.HttpConverterRegistrar]
2020-06-17 16:12:55.992 ?[32mDEBUG?[m ?[35m4974?[m [    Test worker] ?[36mi.m.c.DefaultBeanContext                ?[m : Destroying bean [io.micronaut.runtime.converters.time.TimeConverterRegistrar@61b76c30] with identifier [io.micronaut.runtime.converters.time.TimeConverterRegistrar]
2020-06-17 16:12:55.992 ?[32mDEBUG?[m ?[35m4974?[m [    Test worker] ?[36mi.m.c.DefaultBeanContext                ?[m : Destroying bean [io.micronaut.scheduling.instrument.ThreadFactoryInstrumenter@4d7dc0c5] with identifier [io.micronaut.scheduling.instrument.ThreadFactoryInstrumenter]
2020-06-17 16:12:55.992 ?[32mDEBUG?[m ?[35m4974?[m [    Test worker] ?[36mi.m.c.DefaultBeanContext                ?[m : Destroying bean [io.micronaut.http.server.context.ServerRequestContextFilter@6bb92656] with identifier [io.micronaut.http.server.context.ServerRequestContextFilter]
2020-06-17 16:12:55.992 ?[32mDEBUG?[m ?[35m4974?[m [    Test worker] ?[36mi.m.c.DefaultBeanContext                ?[m : Destroying bean [io.micronaut.runtime.http.codec.MediaTypeCodecRegistryFactory@1600065b] with identifier [io.micronaut.runtime.http.codec.MediaTypeCodecRegistryFactory]
2020-06-17 16:12:55.993 ?[32mDEBUG?[m ?[35m4974?[m [    Test worker] ?[36mi.m.c.DefaultBeanContext                ?[m : Destroying bean [io.micronaut.http.server.netty.types.DefaultCustomizableResponseTypeHandlerRegistry@b392ae5] with identifier [io.micronaut.http.server.netty.types.DefaultCustomizableResponseTypeHandlerRegistry]
2020-06-17 16:12:55.993 ?[32mDEBUG?[m ?[35m4974?[m [    Test worker] ?[36mi.m.c.DefaultBeanContext                ?[m : Destroying bean [io.micronaut.http.netty.channel.converters.DefaultChannelOptionFactory@40eaea7e] with identifier [io.micronaut.http.netty.channel.converters.DefaultChannelOptionFactory]
2020-06-17 16:12:55.993 ?[32mDEBUG?[m ?[35m4974?[m [    Test worker] ?[36mi.m.c.DefaultBeanContext                ?[m : Destroying bean [io.micronaut.jackson.serialize.ConvertibleValuesSerializer@59544c87] with identifier [io.micronaut.jackson.serialize.ConvertibleValuesSerializer]
2020-06-17 16:12:55.994 ?[32mDEBUG?[m ?[35m4974?[m [    Test worker] ?[36mi.m.c.DefaultBeanContext                ?[m : Destroying bean [io.micronaut.runtime.http.scope.RequestCustomScope@793e0c31] with identifier [<RequestScope> io.micronaut.runtime.http.scope.RequestCustomScope]
2020-06-17 16:12:55.994 ?[32mDEBUG?[m ?[35m4974?[m [    Test worker] ?[36mi.m.c.DefaultBeanContext                ?[m : Destroying bean [io.micronaut.jackson.modules.BeanIntrospectionModule@9921ca] with identifier [io.micronaut.jackson.modules.BeanIntrospectionModule]
2020-06-17 16:12:55.995 ?[32mDEBUG?[m ?[35m4974?[m [    Test worker] ?[36mi.m.c.DefaultBeanContext                ?[m : Destroying bean [guild.kotlin.micronaut.application.Controller@4ed19d6b] with identifier [guild.kotlin.micronaut.application.Controller]
2020-06-17 16:12:55.995 ?[32mDEBUG?[m ?[35m4974?[m [    Test worker] ?[36mi.m.c.DefaultBeanContext                ?[m : Destroying bean [io.micronaut.core.io.scan.DefaultClassPathResourceLoader@608b2d54] with identifier [io.micronaut.core.io.scan.ClassPathResourceLoader]
2020-06-17 16:12:55.995 ?[32mDEBUG?[m ?[35m4974?[m [    Test worker] ?[36mi.m.c.DefaultBeanContext                ?[m : Destroying bean [io.micronaut.http.server.context.ServerRequestContextInstrumentation@232efcf5] with identifier [io.micronaut.http.server.context.ServerRequestContextInstrumentation]
2020-06-17 16:12:55.995 ?[32mDEBUG?[m ?[35m4974?[m [    Test worker] ?[36mi.m.c.DefaultBeanContext                ?[m : Destroying bean [io.micronaut.scheduling.instrument.ThreadFactoryInstrumenter$$Lambda$641/0x0000000800593840@1e1a1096] with identifier [java.util.concurrent.ThreadFactory]
2020-06-17 16:12:55.995 ?[32mDEBUG?[m ?[35m4974?[m [    Test worker] ?[36mi.m.c.DefaultBeanContext                ?[m : Destroying bean [io.micronaut.scheduling.instrument.ExecutorServiceInstrumenter@1d4e41fc] with identifier [io.micronaut.scheduling.instrument.ExecutorServiceInstrumenter]
2020-06-17 16:12:55.996 ?[32mDEBUG?[m ?[35m4974?[m [    Test worker] ?[36mi.m.c.DefaultBeanContext                ?[m : Destroying bean [io.micronaut.scheduling.instrument.ThreadFactoryInstrumenter$$Lambda$641/0x0000000800593840@46993391] with identifier [@Named('netty') java.util.concurrent.ThreadFactory]
2020-06-17 16:12:55.996 ?[32mDEBUG?[m ?[35m4974?[m [    Test worker] ?[36mi.m.c.DefaultBeanContext                ?[m : Destroying bean [io.micronaut.management.endpoint.EndpointDefaultConfiguration@47eceb9b] with identifier [io.micronaut.management.endpoint.EndpointDefaultConfiguration]
2020-06-17 16:12:55.996 ?[32mDEBUG?[m ?[35m4974?[m [    Test worker] ?[36mi.m.c.DefaultBeanContext                ?[m : Destroying bean [io.micronaut.http.client.DefaultHttpClientConfiguration$DefaultConnectionPoolConfiguration@16f990c0] with identifier [io.micronaut.http.client.DefaultHttpClientConfiguration$DefaultConnectionPoolConfiguration]
2020-06-17 16:12:55.997 ?[32mDEBUG?[m ?[35m4974?[m [    Test worker] ?[36mi.m.c.DefaultBeanContext                ?[m : Destroying bean [io.micronaut.jackson.serialize.ResourceModule@22d1eac2] with identifier [io.micronaut.jackson.serialize.ResourceModule]
2020-06-17 16:12:55.997 ?[32mDEBUG?[m ?[35m4974?[m [    Test worker] ?[36mi.m.c.DefaultBeanContext                ?[m : Destroying bean [io.micronaut.core.io.ResourceResolver@68b8474f] with identifier [io.micronaut.core.io.ResourceResolver]
2020-06-17 16:12:55.997 ?[32mDEBUG?[m ?[35m4974?[m [    Test worker] ?[36mi.m.c.DefaultBeanContext                ?[m : Destroying bean [io.micronaut.reactive.rxjava2.converters.RxJavaConverterRegistrar@2cdd221f] with identifier [io.micronaut.reactive.rxjava2.converters.RxJavaConverterRegistrar]
2020-06-17 16:12:55.997 ?[32mDEBUG?[m ?[35m4974?[m [    Test worker] ?[36mi.m.c.DefaultBeanContext                ?[m : Destroying bean [io.micronaut.http.client.filter.DefaultHttpClientFilterResolver@aa87b8a] with identifier [io.micronaut.http.client.filter.DefaultHttpClientFilterResolver]
2020-06-17 16:12:55.997 ?[32mDEBUG?[m ?[35m4974?[m [    Test worker] ?[36mi.m.c.DefaultBeanContext                ?[m : Destroying bean [io.micronaut.scheduling.executor.DefaultThreadFactory@49da9866] with identifier [io.micronaut.scheduling.executor.DefaultThreadFactory]
2020-06-17 16:12:55.998 ?[32mDEBUG?[m ?[35m4974?[m [    Test worker] ?[36mi.m.c.DefaultBeanContext                ?[m : Destroying bean [io.micronaut.http.netty.channel.NettyThreadFactory@f747c5a] with identifier [io.micronaut.http.netty.channel.NettyThreadFactory]
2020-06-17 16:12:55.998 ?[32mDEBUG?[m ?[35m4974?[m [    Test worker] ?[36mi.m.c.DefaultBeanContext                ?[m : Destroying bean [io.micronaut.http.client.DefaultLoadBalancerResolver@787b9dd3] with identifier [io.micronaut.http.client.DefaultLoadBalancerResolver]
2020-06-17 16:12:55.998 ?[32mDEBUG?[m ?[35m4974?[m [    Test worker] ?[36mi.m.c.DefaultBeanContext                ?[m : Destroying bean [io.micronaut.http.client.loadbalance.LoadBalancerConverters@56c1ffc1] with identifier [io.micronaut.http.client.loadbalance.LoadBalancerConverters]
2020-06-17 16:12:55.998 ?[32mDEBUG?[m ?[35m4974?[m [    Test worker] ?[36mi.m.c.DefaultBeanContext                ?[m : Destroying bean [com.fasterxml.jackson.databind.ObjectMapper@519c8c29] with identifier [com.fasterxml.jackson.databind.ObjectMapper]
2020-06-17 16:12:55.998 ?[32mDEBUG?[m ?[35m4974?[m [    Test worker] ?[36mi.m.c.DefaultBeanContext                ?[m : Destroying bean [io.micronaut.http.codec.DefaultMediaTypeCodecRegistry@5c9e66ac] with identifier [io.micronaut.http.codec.MediaTypeCodecRegistry]
2020-06-17 16:12:55.999 ?[32mDEBUG?[m ?[35m4974?[m [    Test worker] ?[36mi.m.c.DefaultBeanContext                ?[m : Destroying bean [io.micronaut.jackson.JacksonConfiguration@53cd443f] with identifier [io.micronaut.jackson.JacksonConfiguration]
2020-06-17 16:12:55.999 ?[32mDEBUG?[m ?[35m4974?[m [    Test worker] ?[36mi.m.c.DefaultBeanContext                ?[m : Destroying bean [io.micronaut.scheduling.executor.DefaultExecutorSelector@45c8320c] with identifier [io.micronaut.scheduling.executor.DefaultExecutorSelector]
]]></system-out>
  <system-err><![CDATA[]]></system-err>
</testsuite>
